{"meta": {"format": 3, "version": "7.14.0", "timestamp": "2026-05-23T19:18:16.935591", "branch_coverage": false, "show_contexts": false}, "files": {"src/simpleetl/__init__.py": {"executed_lines": [24, 25, 29, 40, 52, 76, 87, 97, 111, 122, 132, 139, 161, 174, 187, 194, 206, 215, 220, 227, 234, 262, 277, 294, 314, 339, 361, 374], "summary": {"covered_lines": 28, "num_statements": 47, "percent_covered": 59.57446808510638, "percent_covered_display": "60", "missing_lines": 19, "excluded_lines": 0, "percent_statements_covered": 59.57446808510638, "percent_statements_covered_display": "60"}, "missing_lines": [289, 291, 309, 311, 330, 332, 333, 335, 336, 352, 354, 355, 357, 358, 363, 365, 366, 367, 368], "excluded_lines": [], "functions": {"run_job": {"executed_lines": [], "summary": {"covered_lines": 0, "num_statements": 2, "percent_covered": 0.0, "percent_covered_display": "0", "missing_lines": 2, "excluded_lines": 0, "percent_statements_covered": 0.0, "percent_statements_covered_display": "0"}, "missing_lines": [289, 291], "excluded_lines": [], "start_line": 277}, "run_dag": {"executed_lines": [], "summary": {"covered_lines": 0, "num_statements": 2, "percent_covered": 0.0, "percent_covered_display": "0", "missing_lines": 2, "excluded_lines": 0, "percent_statements_covered": 0.0, "percent_statements_covered_display": "0"}, "missing_lines": [309, 311], "excluded_lines": [], "start_line": 294}, "read": {"executed_lines": [], "summary": {"covered_lines": 0, "num_statements": 5, "percent_covered": 0.0, "percent_covered_display": "0", "missing_lines": 5, "excluded_lines": 0, "percent_statements_covered": 0.0, "percent_statements_covered_display": "0"}, "missing_lines": [330, 332, 333, 335, 336], "excluded_lines": [], "start_line": 314}, "write": {"executed_lines": [], "summary": {"covered_lines": 0, "num_statements": 5, "percent_covered": 0.0, "percent_covered_display": "0", "missing_lines": 5, "excluded_lines": 0, "percent_statements_covered": 0.0, "percent_statements_covered_display": "0"}, "missing_lines": [352, 354, 355, 357, 358], "excluded_lines": [], "start_line": 339}, "_detect_format": {"executed_lines": [], "summary": {"covered_lines": 0, "num_statements": 5, "percent_covered": 0.0, "percent_covered_display": "0", "missing_lines": 5, "excluded_lines": 0, "percent_statements_covered": 0.0, "percent_statements_covered_display": "0"}, "missing_lines": [363, 365, 366, 367, 368], "excluded_lines": [], "start_line": 361}, "": {"executed_lines": [24, 25, 29, 40, 52, 76, 87, 97, 111, 122, 132, 139, 161, 174, 187, 194, 206, 215, 220, 227, 234, 262, 277, 294, 314, 339, 361, 374], "summary": {"covered_lines": 28, "num_statements": 28, "percent_covered": 100.0, "percent_covered_display": "100", "missing_lines": 0, "excluded_lines": 0, "percent_statements_covered": 100.0, "percent_statements_covered_display": "100"}, "missing_lines": [], "excluded_lines": [], "start_line": 1}}, "classes": {"": {"executed_lines": [24, 25, 29, 40, 52, 76, 87, 97, 111, 122, 132, 139, 161, 174, 187, 194, 206, 215, 220, 227, 234, 262, 277, 294, 314, 339, 361, 374], "summary": {"covered_lines": 28, "num_statements": 47, "percent_covered": 59.57446808510638, "percent_covered_display": "60", "missing_lines": 19, "excluded_lines": 0, "percent_statements_covered": 59.57446808510638, "percent_statements_covered_display": "60"}, "missing_lines": [289, 291, 309, 311, 330, 332, 333, 335, 336, 352, 354, 355, 357, 358, 363, 365, 366, 367, 368], "excluded_lines": [], "start_line": 1}}}, "src/simpleetl/__main__.py": {"executed_lines": [], "summary": {"covered_lines": 0, "num_statements": 3, "percent_covered": 0.0, "percent_covered_display": "0", "missing_lines": 3, "excluded_lines": 0, "percent_statements_covered": 0.0, "percent_statements_covered_display": "0"}, "missing_lines": [2, 4, 5], "excluded_lines": [], "functions": {"": {"executed_lines": [], "summary": {"covered_lines": 0, "num_statements": 3, "percent_covered": 0.0, "percent_covered_display": "0", "missing_lines": 3, "excluded_lines": 0, "percent_statements_covered": 0.0, "percent_statements_covered_display": "0"}, "missing_lines": [2, 4, 5], "excluded_lines": [], "start_line": 1}}, "classes": {"": {"executed_lines": [], "summary": {"covered_lines": 0, "num_statements": 3, "percent_covered": 0.0, "percent_covered_display": "0", "missing_lines": 3, "excluded_lines": 0, "percent_statements_covered": 0.0, "percent_statements_covered_display": "0"}, "missing_lines": [2, 4, 5], "excluded_lines": [], "start_line": 1}}}, "src/simpleetl/cli.py": {"executed_lines": [5, 6, 7, 9, 10, 11, 12, 14, 17, 19, 23, 26, 31, 38, 43, 48, 53, 58, 64, 69, 72, 74, 76, 77, 78, 79, 80, 83, 85, 87, 88, 89, 90, 91, 92, 93, 96, 104, 106, 107, 108, 109, 110, 111, 113, 114, 116, 117, 119, 120, 121, 125, 127, 128, 129, 130, 131, 132, 133, 134, 135, 136, 139, 185, 187, 188, 190, 191, 192, 194, 195, 196, 198, 206, 207, 208, 209, 211, 212, 213, 214, 216, 217, 219, 222], "summary": {"covered_lines": 85, "num_statements": 106, "percent_covered": 80.18867924528301, "percent_covered_display": "80", "missing_lines": 21, "excluded_lines": 0, "percent_statements_covered": 80.18867924528301, "percent_statements_covered_display": "80"}, "missing_lines": [152, 153, 154, 155, 157, 158, 159, 161, 162, 163, 165, 169, 172, 173, 174, 175, 181, 182, 199, 204, 223], "excluded_lines": [], "functions": {"create_parser": {"executed_lines": [19, 23, 26, 31, 38, 43, 48, 53, 58, 64, 69], "summary": {"covered_lines": 11, "num_statements": 11, "percent_covered": 100.0, "percent_covered_display": "100", "missing_lines": 0, "excluded_lines": 0, "percent_statements_covered": 100.0, "percent_statements_covered_display": "100"}, "missing_lines": [], "excluded_lines": [], "start_line": 17}, "list_formats": {"executed_lines": [74, 76, 77, 78, 79, 80], "summary": {"covered_lines": 6, "num_statements": 6, "percent_covered": 100.0, "percent_covered_display": "100", "missing_lines": 0, "excluded_lines": 0, "percent_statements_covered": 100.0, "percent_statements_covered_display": "100"}, "missing_lines": [], "excluded_lines": [], "start_line": 72}, "detect_platform": {"executed_lines": [85, 87, 88, 89, 90, 91, 92, 93], "summary": {"covered_lines": 8, "num_statements": 8, "percent_covered": 100.0, "percent_covered_display": "100", "missing_lines": 0, "excluded_lines": 0, "percent_statements_covered": 100.0, "percent_statements_covered_display": "100"}, "missing_lines": [], "excluded_lines": [], "start_line": 83}, "run_job": {"executed_lines": [104, 106, 107, 108, 109, 110, 111, 113, 114, 116, 117, 119, 120, 121, 125, 127, 128, 129, 130, 131, 132, 133, 134, 135, 136], "summary": {"covered_lines": 25, "num_statements": 25, "percent_covered": 100.0, "percent_covered_display": "100", "missing_lines": 0, "excluded_lines": 0, "percent_statements_covered": 100.0, "percent_statements_covered_display": "100"}, "missing_lines": [], "excluded_lines": [], "start_line": 96}, "run_dag": {"executed_lines": [], "summary": {"covered_lines": 0, "num_statements": 18, "percent_covered": 0.0, "percent_covered_display": "0", "missing_lines": 18, "excluded_lines": 0, "percent_statements_covered": 0.0, "percent_statements_covered_display": "0"}, "missing_lines": [152, 153, 154, 155, 157, 158, 159, 161, 162, 163, 165, 169, 172, 173, 174, 175, 181, 182], "excluded_lines": [], "start_line": 139}, "main": {"executed_lines": [187, 188, 190, 191, 192, 194, 195, 196, 198, 206, 207, 208, 209, 211, 212, 213, 214, 216, 217, 219], "summary": {"covered_lines": 20, "num_statements": 22, "percent_covered": 90.9090909090909, "percent_covered_display": "91", "missing_lines": 2, "excluded_lines": 0, "percent_statements_covered": 90.9090909090909, "percent_statements_covered_display": "91"}, "missing_lines": [199, 204], "excluded_lines": [], "start_line": 185}, "": {"executed_lines": [5, 6, 7, 9, 10, 11, 12, 14, 17, 72, 83, 96, 139, 185, 222], "summary": {"covered_lines": 15, "num_statements": 16, "percent_covered": 93.75, "percent_covered_display": "94", "missing_lines": 1, "excluded_lines": 0, "percent_statements_covered": 93.75, "percent_statements_covered_display": "94"}, "missing_lines": [223], "excluded_lines": [], "start_line": 1}}, "classes": {"": {"executed_lines": [5, 6, 7, 9, 10, 11, 12, 14, 17, 19, 23, 26, 31, 38, 43, 48, 53, 58, 64, 69, 72, 74, 76, 77, 78, 79, 80, 83, 85, 87, 88, 89, 90, 91, 92, 93, 96, 104, 106, 107, 108, 109, 110, 111, 113, 114, 116, 117, 119, 120, 121, 125, 127, 128, 129, 130, 131, 132, 133, 134, 135, 136, 139, 185, 187, 188, 190, 191, 192, 194, 195, 196, 198, 206, 207, 208, 209, 211, 212, 213, 214, 216, 217, 219, 222], "summary": {"covered_lines": 85, "num_statements": 106, "percent_covered": 80.18867924528301, "percent_covered_display": "80", "missing_lines": 21, "excluded_lines": 0, "percent_statements_covered": 80.18867924528301, "percent_statements_covered_display": "80"}, "missing_lines": [152, 153, 154, 155, 157, 158, 159, 161, 162, 163, 165, 169, 172, 173, 174, 175, 181, 182, 199, 204, 223], "excluded_lines": [], "start_line": 1}}}, "src/simpleetl/core/__init__.py": {"executed_lines": [3, 10, 11, 12, 13, 14, 20, 29, 38, 45, 49, 57, 58, 60], "summary": {"covered_lines": 14, "num_statements": 14, "percent_covered": 100.0, "percent_covered_display": "100", "missing_lines": 0, "excluded_lines": 0, "percent_statements_covered": 100.0, "percent_statements_covered_display": "100"}, "missing_lines": [], "excluded_lines": [], "functions": {"": {"executed_lines": [3, 10, 11, 12, 13, 14, 20, 29, 38, 45, 49, 57, 58, 60], "summary": {"covered_lines": 14, "num_statements": 14, "percent_covered": 100.0, "percent_covered_display": "100", "missing_lines": 0, "excluded_lines": 0, "percent_statements_covered": 100.0, "percent_statements_covered_display": "100"}, "missing_lines": [], "excluded_lines": [], "start_line": 1}}, "classes": {"": {"executed_lines": [3, 10, 11, 12, 13, 14, 20, 29, 38, 45, 49, 57, 58, 60], "summary": {"covered_lines": 14, "num_statements": 14, "percent_covered": 100.0, "percent_covered_display": "100", "missing_lines": 0, "excluded_lines": 0, "percent_statements_covered": 100.0, "percent_statements_covered_display": "100"}, "missing_lines": [], "excluded_lines": [], "start_line": 1}}}, "src/simpleetl/core/checkpoint.py": {"executed_lines": [8, 10, 11, 12, 13, 14, 15, 16, 17, 20, 21, 35, 36, 37, 38, 39, 40, 41, 45, 47, 49, 50, 52, 55, 58, 59, 63, 64, 68, 69, 74, 77, 78, 79, 81, 82, 83, 85, 86, 87, 89, 90, 91, 93, 95, 96, 99, 106, 107, 108, 109, 111, 113, 115, 116, 117, 118, 119, 121, 122, 123, 124, 125, 126, 127, 128, 129, 130, 131, 133, 134, 135, 136, 137, 140, 153, 159, 160, 161, 163, 182, 190, 191, 193, 200, 202, 204, 206, 213], "summary": {"covered_lines": 89, "num_statements": 89, "percent_covered": 100.0, "percent_covered_display": "100", "missing_lines": 0, "excluded_lines": 7, "percent_statements_covered": 100.0, "percent_statements_covered_display": "100"}, "missing_lines": [], "excluded_lines": [61, 62, 66, 67, 71, 72, 73], "functions": {"Checkpoint.to_dict": {"executed_lines": [47], "summary": {"covered_lines": 1, "num_statements": 1, "percent_covered": 100.0, "percent_covered_display": "100", "missing_lines": 0, "excluded_lines": 0, "percent_statements_covered": 100.0, "percent_statements_covered_display": "100"}, "missing_lines": [], "excluded_lines": [], "start_line": 45}, "Checkpoint.from_dict": {"executed_lines": [52], "summary": {"covered_lines": 1, "num_statements": 1, "percent_covered": 100.0, "percent_covered_display": "100", "missing_lines": 0, "excluded_lines": 0, "percent_statements_covered": 100.0, "percent_statements_covered_display": "100"}, "missing_lines": [], "excluded_lines": [], "start_line": 50}, "CheckpointStore.save": {"executed_lines": [], "summary": {"covered_lines": 0, "num_statements": 0, "percent_covered": 100.0, "percent_covered_display": "100", "missing_lines": 0, "excluded_lines": 1, "percent_statements_covered": 100.0, "percent_statements_covered_display": "100"}, "missing_lines": [], "excluded_lines": [61], "start_line": 59}, "CheckpointStore.load": {"executed_lines": [], "summary": {"covered_lines": 0, "num_statements": 0, "percent_covered": 100.0, "percent_covered_display": "100", "missing_lines": 0, "excluded_lines": 1, "percent_statements_covered": 100.0, "percent_statements_covered_display": "100"}, "missing_lines": [], "excluded_lines": [66], "start_line": 64}, "CheckpointStore.delete": {"executed_lines": [], "summary": {"covered_lines": 0, "num_statements": 0, "percent_covered": 100.0, "percent_covered_display": "100", "missing_lines": 0, "excluded_lines": 1, "percent_statements_covered": 100.0, "percent_statements_covered_display": "100"}, "missing_lines": [], "excluded_lines": [71], "start_line": 69}, "InMemoryCheckpointStore.__init__": {"executed_lines": [78, 79], "summary": {"covered_lines": 2, "num_statements": 2, "percent_covered": 100.0, "percent_covered_display": "100", "missing_lines": 0, "excluded_lines": 0, "percent_statements_covered": 100.0, "percent_statements_covered_display": "100"}, "missing_lines": [], "excluded_lines": [], "start_line": 77}, "InMemoryCheckpointStore.save": {"executed_lines": [82, 83], "summary": {"covered_lines": 2, "num_statements": 2, "percent_covered": 100.0, "percent_covered_display": "100", "missing_lines": 0, "excluded_lines": 0, "percent_statements_covered": 100.0, "percent_statements_covered_display": "100"}, "missing_lines": [], "excluded_lines": [], "start_line": 81}, "InMemoryCheckpointStore.load": {"executed_lines": [86, 87], "summary": {"covered_lines": 2, "num_statements": 2, "percent_covered": 100.0, "percent_covered_display": "100", "missing_lines": 0, "excluded_lines": 0, "percent_statements_covered": 100.0, "percent_statements_covered_display": "100"}, "missing_lines": [], "excluded_lines": [], "start_line": 85}, "InMemoryCheckpointStore.delete": {"executed_lines": [90, 91], "summary": {"covered_lines": 2, "num_statements": 2, "percent_covered": 100.0, "percent_covered_display": "100", "missing_lines": 0, "excluded_lines": 0, "percent_statements_covered": 100.0, "percent_statements_covered_display": "100"}, "missing_lines": [], "excluded_lines": [], "start_line": 89}, "InMemoryCheckpointStore.clear": {"executed_lines": [95, 96], "summary": {"covered_lines": 2, "num_statements": 2, "percent_covered": 100.0, "percent_covered_display": "100", "missing_lines": 0, "excluded_lines": 0, "percent_statements_covered": 100.0, "percent_statements_covered_display": "100"}, "missing_lines": [], "excluded_lines": [], "start_line": 93}, "FileCheckpointStore.__init__": {"executed_lines": [107, 108, 109], "summary": {"covered_lines": 3, "num_statements": 3, "percent_covered": 100.0, "percent_covered_display": "100", "missing_lines": 0, "excluded_lines": 0, "percent_statements_covered": 100.0, "percent_statements_covered_display": "100"}, "missing_lines": [], "excluded_lines": [], "start_line": 106}, "FileCheckpointStore._get_path": {"executed_lines": [113], "summary": {"covered_lines": 1, "num_statements": 1, "percent_covered": 100.0, "percent_covered_display": "100", "missing_lines": 0, "excluded_lines": 0, "percent_statements_covered": 100.0, "percent_statements_covered_display": "100"}, "missing_lines": [], "excluded_lines": [], "start_line": 111}, "FileCheckpointStore.save": {"executed_lines": [116, 117, 118, 119], "summary": {"covered_lines": 4, "num_statements": 4, "percent_covered": 100.0, "percent_covered_display": "100", "missing_lines": 0, "excluded_lines": 0, "percent_statements_covered": 100.0, "percent_statements_covered_display": "100"}, "missing_lines": [], "excluded_lines": [], "start_line": 115}, "FileCheckpointStore.load": {"executed_lines": [122, 123, 124, 125, 126, 127, 128, 129, 130, 131], "summary": {"covered_lines": 10, "num_statements": 10, "percent_covered": 100.0, "percent_covered_display": "100", "missing_lines": 0, "excluded_lines": 0, "percent_statements_covered": 100.0, "percent_statements_covered_display": "100"}, "missing_lines": [], "excluded_lines": [], "start_line": 121}, "FileCheckpointStore.delete": {"executed_lines": [134, 135, 136, 137], "summary": {"covered_lines": 4, "num_statements": 4, "percent_covered": 100.0, "percent_covered_display": "100", "missing_lines": 0, "excluded_lines": 0, "percent_statements_covered": 100.0, "percent_statements_covered_display": "100"}, "missing_lines": [], "excluded_lines": [], "start_line": 133}, "CheckpointManager.__init__": {"executed_lines": [159, 160, 161], "summary": {"covered_lines": 3, "num_statements": 3, "percent_covered": 100.0, "percent_covered_display": "100", "missing_lines": 0, "excluded_lines": 0, "percent_statements_covered": 100.0, "percent_statements_covered_display": "100"}, "missing_lines": [], "excluded_lines": [], "start_line": 153}, "CheckpointManager.save_checkpoint": {"executed_lines": [182, 190, 191], "summary": {"covered_lines": 3, "num_statements": 3, "percent_covered": 100.0, "percent_covered_display": "100", "missing_lines": 0, "excluded_lines": 0, "percent_statements_covered": 100.0, "percent_statements_covered_display": "100"}, "missing_lines": [], "excluded_lines": [], "start_line": 163}, "CheckpointManager.load_checkpoint": {"executed_lines": [200], "summary": {"covered_lines": 1, "num_statements": 1, "percent_covered": 100.0, "percent_covered_display": "100", "missing_lines": 0, "excluded_lines": 0, "percent_statements_covered": 100.0, "percent_statements_covered_display": "100"}, "missing_lines": [], "excluded_lines": [], "start_line": 193}, "CheckpointManager.delete_checkpoint": {"executed_lines": [204], "summary": {"covered_lines": 1, "num_statements": 1, "percent_covered": 100.0, "percent_covered_display": "100", "missing_lines": 0, "excluded_lines": 0, "percent_statements_covered": 100.0, "percent_statements_covered_display": "100"}, "missing_lines": [], "excluded_lines": [], "start_line": 202}, "CheckpointManager.should_resume": {"executed_lines": [213], "summary": {"covered_lines": 1, "num_statements": 1, "percent_covered": 100.0, "percent_covered_display": "100", "missing_lines": 0, "excluded_lines": 0, "percent_statements_covered": 100.0, "percent_statements_covered_display": "100"}, "missing_lines": [], "excluded_lines": [], "start_line": 206}, "": {"executed_lines": [8, 10, 11, 12, 13, 14, 15, 16, 17, 20, 21, 35, 36, 37, 38, 39, 40, 41, 45, 49, 50, 55, 58, 59, 63, 64, 68, 69, 74, 77, 81, 85, 89, 93, 99, 106, 111, 115, 121, 133, 140, 153, 163, 193, 202, 206], "summary": {"covered_lines": 46, "num_statements": 46, "percent_covered": 100.0, "percent_covered_display": "100", "missing_lines": 0, "excluded_lines": 4, "percent_statements_covered": 100.0, "percent_statements_covered_display": "100"}, "missing_lines": [], "excluded_lines": [62, 67, 72, 73], "start_line": 1}}, "classes": {"Checkpoint": {"executed_lines": [47, 52], "summary": {"covered_lines": 2, "num_statements": 2, "percent_covered": 100.0, "percent_covered_display": "100", "missing_lines": 0, "excluded_lines": 0, "percent_statements_covered": 100.0, "percent_statements_covered_display": "100"}, "missing_lines": [], "excluded_lines": [], "start_line": 21}, "CheckpointStore": {"executed_lines": [], "summary": {"covered_lines": 0, "num_statements": 0, "percent_covered": 100.0, "percent_covered_display": "100", "missing_lines": 0, "excluded_lines": 3, "percent_statements_covered": 100.0, "percent_statements_covered_display": "100"}, "missing_lines": [], "excluded_lines": [61, 66, 71], "start_line": 55}, "InMemoryCheckpointStore": {"executed_lines": [78, 79, 82, 83, 86, 87, 90, 91, 95, 96], "summary": {"covered_lines": 10, "num_statements": 10, "percent_covered": 100.0, "percent_covered_display": "100", "missing_lines": 0, "excluded_lines": 0, "percent_statements_covered": 100.0, "percent_statements_covered_display": "100"}, "missing_lines": [], "excluded_lines": [], "start_line": 74}, "FileCheckpointStore": {"executed_lines": [107, 108, 109, 113, 116, 117, 118, 119, 122, 123, 124, 125, 126, 127, 128, 129, 130, 131, 134, 135, 136, 137], "summary": {"covered_lines": 22, "num_statements": 22, "percent_covered": 100.0, "percent_covered_display": "100", "missing_lines": 0, "excluded_lines": 0, "percent_statements_covered": 100.0, "percent_statements_covered_display": "100"}, "missing_lines": [], "excluded_lines": [], "start_line": 99}, "CheckpointManager": {"executed_lines": [159, 160, 161, 182, 190, 191, 200, 204, 213], "summary": {"covered_lines": 9, "num_statements": 9, "percent_covered": 100.0, "percent_covered_display": "100", "missing_lines": 0, "excluded_lines": 0, "percent_statements_covered": 100.0, "percent_statements_covered_display": "100"}, "missing_lines": [], "excluded_lines": [], "start_line": 140}, "": {"executed_lines": [8, 10, 11, 12, 13, 14, 15, 16, 17, 20, 21, 35, 36, 37, 38, 39, 40, 41, 45, 49, 50, 55, 58, 59, 63, 64, 68, 69, 74, 77, 81, 85, 89, 93, 99, 106, 111, 115, 121, 133, 140, 153, 163, 193, 202, 206], "summary": {"covered_lines": 46, "num_statements": 46, "percent_covered": 100.0, "percent_covered_display": "100", "missing_lines": 0, "excluded_lines": 4, "percent_statements_covered": 100.0, "percent_statements_covered_display": "100"}, "missing_lines": [], "excluded_lines": [62, 67, 72, 73], "start_line": 1}}}, "src/simpleetl/core/config.py": {"executed_lines": [8, 9, 10, 11, 13, 14, 16, 23, 25, 28, 30, 33, 57, 58, 59, 60, 61, 62, 63, 66, 69, 70, 71, 72, 73, 74, 75, 76, 77, 82, 83, 84, 85, 86, 87, 93, 94, 95, 98, 101, 102, 103, 104, 105, 106, 107, 108, 109, 110, 111, 112, 113, 114, 117, 121, 122, 125, 126, 127, 128, 129, 130, 131, 132, 133, 134, 135, 138, 154, 155, 157, 158, 159, 160, 161, 162, 163, 165, 166, 168, 171, 201, 202, 203, 207, 208, 209, 210, 211, 213, 215, 221, 227, 228, 231, 234, 235, 236, 243, 244, 249, 257, 258, 260, 262, 263, 264, 265, 266, 268], "summary": {"covered_lines": 110, "num_statements": 117, "percent_covered": 94.01709401709402, "percent_covered_display": "94", "missing_lines": 7, "excluded_lines": 0, "percent_statements_covered": 94.01709401709402, "percent_statements_covered_display": "94"}, "missing_lines": [222, 237, 238, 239, 245, 246, 270], "excluded_lines": [], "functions": {"resolve_env_vars": {"executed_lines": [57, 58, 59, 60, 61, 62, 63], "summary": {"covered_lines": 7, "num_statements": 7, "percent_covered": 100.0, "percent_covered_display": "100", "missing_lines": 0, "excluded_lines": 0, "percent_statements_covered": 100.0, "percent_statements_covered_display": "100"}, "missing_lines": [], "excluded_lines": [], "start_line": 33}, "_resolve_env_vars_in_string": {"executed_lines": [69, 82, 93, 94, 95], "summary": {"covered_lines": 5, "num_statements": 5, "percent_covered": 100.0, "percent_covered_display": "100", "missing_lines": 0, "excluded_lines": 0, "percent_statements_covered": 100.0, "percent_statements_covered_display": "100"}, "missing_lines": [], "excluded_lines": [], "start_line": 66}, "_resolve_env_vars_in_string._replace_braced": {"executed_lines": [70, 71, 72, 73, 74, 75, 76, 77], "summary": {"covered_lines": 8, "num_statements": 8, "percent_covered": 100.0, "percent_covered_display": "100", "missing_lines": 0, "excluded_lines": 0, "percent_statements_covered": 100.0, "percent_statements_covered_display": "100"}, "missing_lines": [], "excluded_lines": [], "start_line": 69}, "_resolve_env_vars_in_string._replace_bare": {"executed_lines": [83, 84, 85, 86, 87], "summary": {"covered_lines": 5, "num_statements": 5, "percent_covered": 100.0, "percent_covered_display": "100", "missing_lines": 0, "excluded_lines": 0, "percent_statements_covered": 100.0, "percent_statements_covered_display": "100"}, "missing_lines": [], "excluded_lines": [], "start_line": 82}, "_apply_env_prefix": {"executed_lines": [154, 155, 157, 158, 159, 160, 161, 162, 163, 165, 166, 168], "summary": {"covered_lines": 12, "num_statements": 12, "percent_covered": 100.0, "percent_covered_display": "100", "missing_lines": 0, "excluded_lines": 0, "percent_statements_covered": 100.0, "percent_statements_covered_display": "100"}, "missing_lines": [], "excluded_lines": [], "start_line": 138}, "load_config": {"executed_lines": [201, 202, 203, 207, 208, 209, 210, 211, 213, 215, 221, 227, 228, 231, 234, 235, 236, 243, 244], "summary": {"covered_lines": 19, "num_statements": 25, "percent_covered": 76.0, "percent_covered_display": "76", "missing_lines": 6, "excluded_lines": 0, "percent_statements_covered": 76.0, "percent_statements_covered_display": "76"}, "missing_lines": [222, 237, 238, 239, 245, 246], "excluded_lines": [], "start_line": 171}, "save_config": {"executed_lines": [257, 258, 260, 262, 263, 264, 265, 266, 268], "summary": {"covered_lines": 9, "num_statements": 10, "percent_covered": 90.0, "percent_covered_display": "90", "missing_lines": 1, "excluded_lines": 0, "percent_statements_covered": 90.0, "percent_statements_covered_display": "90"}, "missing_lines": [270], "excluded_lines": [], "start_line": 249}, "": {"executed_lines": [8, 9, 10, 11, 13, 14, 16, 23, 25, 28, 30, 33, 66, 98, 101, 102, 103, 104, 105, 106, 107, 108, 109, 110, 111, 112, 113, 114, 117, 121, 122, 125, 126, 127, 128, 129, 130, 131, 132, 133, 134, 135, 138, 171, 249], "summary": {"covered_lines": 45, "num_statements": 45, "percent_covered": 100.0, "percent_covered_display": "100", "missing_lines": 0, "excluded_lines": 0, "percent_statements_covered": 100.0, "percent_statements_covered_display": "100"}, "missing_lines": [], "excluded_lines": [], "start_line": 1}}, "classes": {"EnvVarResolutionError": {"executed_lines": [], "summary": {"covered_lines": 0, "num_statements": 0, "percent_covered": 100.0, "percent_covered_display": "100", "missing_lines": 0, "excluded_lines": 0, "percent_statements_covered": 100.0, "percent_statements_covered_display": "100"}, "missing_lines": [], "excluded_lines": [], "start_line": 28}, "DatabaseConfig": {"executed_lines": [], "summary": {"covered_lines": 0, "num_statements": 0, "percent_covered": 100.0, "percent_covered_display": "100", "missing_lines": 0, "excluded_lines": 0, "percent_statements_covered": 100.0, "percent_statements_covered_display": "100"}, "missing_lines": [], "excluded_lines": [], "start_line": 98}, "ETLJobConfig": {"executed_lines": [], "summary": {"covered_lines": 0, "num_statements": 0, "percent_covered": 100.0, "percent_covered_display": "100", "missing_lines": 0, "excluded_lines": 0, "percent_statements_covered": 100.0, "percent_statements_covered_display": "100"}, "missing_lines": [], "excluded_lines": [], "start_line": 117}, "": {"executed_lines": [8, 9, 10, 11, 13, 14, 16, 23, 25, 28, 30, 33, 57, 58, 59, 60, 61, 62, 63, 66, 69, 70, 71, 72, 73, 74, 75, 76, 77, 82, 83, 84, 85, 86, 87, 93, 94, 95, 98, 101, 102, 103, 104, 105, 106, 107, 108, 109, 110, 111, 112, 113, 114, 117, 121, 122, 125, 126, 127, 128, 129, 130, 131, 132, 133, 134, 135, 138, 154, 155, 157, 158, 159, 160, 161, 162, 163, 165, 166, 168, 171, 201, 202, 203, 207, 208, 209, 210, 211, 213, 215, 221, 227, 228, 231, 234, 235, 236, 243, 244, 249, 257, 258, 260, 262, 263, 264, 265, 266, 268], "summary": {"covered_lines": 110, "num_statements": 117, "percent_covered": 94.01709401709402, "percent_covered_display": "94", "missing_lines": 7, "excluded_lines": 0, "percent_statements_covered": 94.01709401709402, "percent_statements_covered_display": "94"}, "missing_lines": [222, 237, 238, 239, 245, 246, 270], "excluded_lines": [], "start_line": 1}}}, "src/simpleetl/core/connection.py": {"executed_lines": [8, 9, 10, 11, 12, 14, 15, 17, 20, 23, 24, 46, 47, 48, 49, 50, 51, 52, 53, 54, 55, 56, 57, 58, 59, 61, 67, 71, 72, 73, 74, 76, 79, 82, 83, 84, 88, 93, 95, 96, 98, 100, 102, 104, 105, 106, 107, 108, 109, 110, 111, 113, 116, 134, 135, 136, 138, 139, 141, 142, 143, 145, 151, 157, 167, 168, 170, 171, 172, 174, 180, 182, 183, 184, 186, 187, 189, 190, 191, 194, 208, 209, 210, 212, 213, 214, 216, 217, 220, 229, 232, 240, 241, 242, 243, 246, 250, 251, 252, 253, 256, 270, 272, 273, 274, 275, 276, 277, 278, 285, 287, 293, 296, 305, 306, 307, 308, 311], "summary": {"covered_lines": 118, "num_statements": 120, "percent_covered": 98.33333333333333, "percent_covered_display": "98", "missing_lines": 2, "excluded_lines": 0, "percent_statements_covered": 98.33333333333333, "percent_statements_covered_display": "98"}, "missing_lines": [309, 310], "excluded_lines": [], "functions": {"ConnectionConfig.to_engine_kwargs": {"executed_lines": [67, 71, 72, 73, 74, 76, 79, 82, 83, 84, 88, 93, 95, 96, 98], "summary": {"covered_lines": 15, "num_statements": 15, "percent_covered": 100.0, "percent_covered_display": "100", "missing_lines": 0, "excluded_lines": 0, "percent_statements_covered": 100.0, "percent_statements_covered_display": "100"}, "missing_lines": [], "excluded_lines": [], "start_line": 61}, "ConnectionConfig._build_ssl_args": {"executed_lines": [102, 104, 105, 106, 107, 108, 109, 110, 111, 113], "summary": {"covered_lines": 10, "num_statements": 10, "percent_covered": 100.0, "percent_covered_display": "100", "missing_lines": 0, "excluded_lines": 0, "percent_statements_covered": 100.0, "percent_statements_covered_display": "100"}, "missing_lines": [], "excluded_lines": [], "start_line": 100}, "ConnectionPool.__init__": {"executed_lines": [135, 136], "summary": {"covered_lines": 2, "num_statements": 2, "percent_covered": 100.0, "percent_covered_display": "100", "missing_lines": 0, "excluded_lines": 0, "percent_statements_covered": 100.0, "percent_statements_covered_display": "100"}, "missing_lines": [], "excluded_lines": [], "start_line": 134}, "ConnectionPool.engine": {"executed_lines": [141, 142, 143], "summary": {"covered_lines": 3, "num_statements": 3, "percent_covered": 100.0, "percent_covered_display": "100", "missing_lines": 0, "excluded_lines": 0, "percent_statements_covered": 100.0, "percent_statements_covered_display": "100"}, "missing_lines": [], "excluded_lines": [], "start_line": 139}, "ConnectionPool.get_connection": {"executed_lines": [151], "summary": {"covered_lines": 1, "num_statements": 1, "percent_covered": 100.0, "percent_covered_display": "100", "missing_lines": 0, "excluded_lines": 0, "percent_statements_covered": 100.0, "percent_statements_covered_display": "100"}, "missing_lines": [], "excluded_lines": [], "start_line": 145}, "ConnectionPool.execute": {"executed_lines": [167, 168, 170, 174], "summary": {"covered_lines": 4, "num_statements": 4, "percent_covered": 100.0, "percent_covered_display": "100", "missing_lines": 0, "excluded_lines": 0, "percent_statements_covered": 100.0, "percent_statements_covered_display": "100"}, "missing_lines": [], "excluded_lines": [], "start_line": 157}, "ConnectionPool.execute._execute": {"executed_lines": [171, 172], "summary": {"covered_lines": 2, "num_statements": 2, "percent_covered": 100.0, "percent_covered_display": "100", "missing_lines": 0, "excluded_lines": 0, "percent_statements_covered": 100.0, "percent_statements_covered_display": "100"}, "missing_lines": [], "excluded_lines": [], "start_line": 170}, "ConnectionPool.dispose": {"executed_lines": [182, 183, 184], "summary": {"covered_lines": 3, "num_statements": 3, "percent_covered": 100.0, "percent_covered_display": "100", "missing_lines": 0, "excluded_lines": 0, "percent_statements_covered": 100.0, "percent_statements_covered_display": "100"}, "missing_lines": [], "excluded_lines": [], "start_line": 180}, "ConnectionPool.__enter__": {"executed_lines": [187], "summary": {"covered_lines": 1, "num_statements": 1, "percent_covered": 100.0, "percent_covered_display": "100", "missing_lines": 0, "excluded_lines": 0, "percent_statements_covered": 100.0, "percent_statements_covered_display": "100"}, "missing_lines": [], "excluded_lines": [], "start_line": 186}, "ConnectionPool.__exit__": {"executed_lines": [190, 191], "summary": {"covered_lines": 2, "num_statements": 2, "percent_covered": 100.0, "percent_covered_display": "100", "missing_lines": 0, "excluded_lines": 0, "percent_statements_covered": 100.0, "percent_statements_covered_display": "100"}, "missing_lines": [], "excluded_lines": [], "start_line": 189}, "get_engine": {"executed_lines": [208, 209, 210, 212, 213, 214, 216, 217], "summary": {"covered_lines": 8, "num_statements": 8, "percent_covered": 100.0, "percent_covered_display": "100", "missing_lines": 0, "excluded_lines": 0, "percent_statements_covered": 100.0, "percent_statements_covered_display": "100"}, "missing_lines": [], "excluded_lines": [], "start_line": 194}, "get_connection": {"executed_lines": [229], "summary": {"covered_lines": 1, "num_statements": 1, "percent_covered": 100.0, "percent_covered_display": "100", "missing_lines": 0, "excluded_lines": 0, "percent_statements_covered": 100.0, "percent_statements_covered_display": "100"}, "missing_lines": [], "excluded_lines": [], "start_line": 220}, "dispose_engine": {"executed_lines": [240, 241, 242, 243], "summary": {"covered_lines": 4, "num_statements": 4, "percent_covered": 100.0, "percent_covered_display": "100", "missing_lines": 0, "excluded_lines": 0, "percent_statements_covered": 100.0, "percent_statements_covered_display": "100"}, "missing_lines": [], "excluded_lines": [], "start_line": 232}, "dispose_all": {"executed_lines": [250, 251, 252, 253], "summary": {"covered_lines": 4, "num_statements": 4, "percent_covered": 100.0, "percent_covered_display": "100", "missing_lines": 0, "excluded_lines": 0, "percent_statements_covered": 100.0, "percent_statements_covered_display": "100"}, "missing_lines": [], "excluded_lines": [], "start_line": 246}, "_retry_operation": {"executed_lines": [270, 272, 273, 274, 275, 276, 277, 278, 285, 287, 293], "summary": {"covered_lines": 11, "num_statements": 11, "percent_covered": 100.0, "percent_covered_display": "100", "missing_lines": 0, "excluded_lines": 0, "percent_statements_covered": 100.0, "percent_statements_covered_display": "100"}, "missing_lines": [], "excluded_lines": [], "start_line": 256}, "_sanitize_url": {"executed_lines": [305, 306, 307, 308, 311], "summary": {"covered_lines": 5, "num_statements": 7, "percent_covered": 71.42857142857143, "percent_covered_display": "71", "missing_lines": 2, "excluded_lines": 0, "percent_statements_covered": 71.42857142857143, "percent_statements_covered_display": "71"}, "missing_lines": [309, 310], "excluded_lines": [], "start_line": 296}, "": {"executed_lines": [8, 9, 10, 11, 12, 14, 15, 17, 20, 23, 24, 46, 47, 48, 49, 50, 51, 52, 53, 54, 55, 56, 57, 58, 59, 61, 100, 116, 134, 138, 139, 145, 157, 180, 186, 189, 194, 220, 232, 246, 256, 296], "summary": {"covered_lines": 42, "num_statements": 42, "percent_covered": 100.0, "percent_covered_display": "100", "missing_lines": 0, "excluded_lines": 0, "percent_statements_covered": 100.0, "percent_statements_covered_display": "100"}, "missing_lines": [], "excluded_lines": [], "start_line": 1}}, "classes": {"ConnectionConfig": {"executed_lines": [67, 71, 72, 73, 74, 76, 79, 82, 83, 84, 88, 93, 95, 96, 98, 102, 104, 105, 106, 107, 108, 109, 110, 111, 113], "summary": {"covered_lines": 25, "num_statements": 25, "percent_covered": 100.0, "percent_covered_display": "100", "missing_lines": 0, "excluded_lines": 0, "percent_statements_covered": 100.0, "percent_statements_covered_display": "100"}, "missing_lines": [], "excluded_lines": [], "start_line": 24}, "ConnectionPool": {"executed_lines": [135, 136, 141, 142, 143, 151, 167, 168, 170, 171, 172, 174, 182, 183, 184, 187, 190, 191], "summary": {"covered_lines": 18, "num_statements": 18, "percent_covered": 100.0, "percent_covered_display": "100", "missing_lines": 0, "excluded_lines": 0, "percent_statements_covered": 100.0, "percent_statements_covered_display": "100"}, "missing_lines": [], "excluded_lines": [], "start_line": 116}, "": {"executed_lines": [8, 9, 10, 11, 12, 14, 15, 17, 20, 23, 24, 46, 47, 48, 49, 50, 51, 52, 53, 54, 55, 56, 57, 58, 59, 61, 100, 116, 134, 138, 139, 145, 157, 180, 186, 189, 194, 208, 209, 210, 212, 213, 214, 216, 217, 220, 229, 232, 240, 241, 242, 243, 246, 250, 251, 252, 253, 256, 270, 272, 273, 274, 275, 276, 277, 278, 285, 287, 293, 296, 305, 306, 307, 308, 311], "summary": {"covered_lines": 75, "num_statements": 77, "percent_covered": 97.40259740259741, "percent_covered_display": "97", "missing_lines": 2, "excluded_lines": 0, "percent_statements_covered": 97.40259740259741, "percent_statements_covered_display": "97"}, "missing_lines": [309, 310], "excluded_lines": [], "start_line": 1}}}, "src/simpleetl/core/dag.py": {"executed_lines": [9, 10, 11, 12, 13, 14, 16, 18, 20, 23, 25, 26, 27, 28, 29, 32, 33, 50, 51, 52, 53, 54, 55, 56, 58, 59, 61, 62, 64, 67, 68, 80, 81, 84, 85, 95, 96, 98, 99, 101, 107, 108, 110, 117, 119, 122, 124, 127, 143, 144, 145, 147, 148, 150, 152, 161, 162, 163, 165, 177, 178, 181, 182, 185, 186, 188, 200, 201, 202, 204, 217, 218, 219, 220, 225, 226, 227, 230, 231, 233, 234, 235, 236, 237, 241, 242, 243, 245, 246, 247, 249, 260, 263, 266, 268, 270, 271, 272, 273, 276, 277, 278, 280, 281, 285, 287, 296, 299, 300, 302, 303, 306, 310, 311, 312, 313, 314, 315, 317, 319, 326, 340, 341, 362, 363, 365, 366, 373, 376, 377, 378, 380, 382, 383, 392, 393, 394, 397, 410, 424, 425, 427, 436, 437, 438, 439, 440, 442, 445, 446, 447, 449, 452, 453, 454, 458, 459, 464, 466, 467, 469, 470, 473, 479, 480, 481, 483, 486, 488, 489, 493, 499, 506, 507, 512, 513, 514, 520, 521, 522, 523, 525, 531, 532, 534, 535, 536, 540, 542, 548, 549, 550, 551, 552, 553, 565, 566, 567, 568, 574, 575, 576, 577, 583, 590, 591, 599, 600, 601, 602, 603, 604, 605, 606, 607, 608, 609, 613], "summary": {"covered_lines": 218, "num_statements": 229, "percent_covered": 95.19650655021834, "percent_covered_display": "95", "missing_lines": 11, "excluded_lines": 0, "percent_statements_covered": 95.19650655021834, "percent_statements_covered_display": "95"}, "missing_lines": [63, 307, 537, 541, 544, 545, 546, 554, 556, 558, 560], "excluded_lines": [], "functions": {"JobNode.__hash__": {"executed_lines": [59], "summary": {"covered_lines": 1, "num_statements": 1, "percent_covered": 100.0, "percent_covered_display": "100", "missing_lines": 0, "excluded_lines": 0, "percent_statements_covered": 100.0, "percent_statements_covered_display": "100"}, "missing_lines": [], "excluded_lines": [], "start_line": 58}, "JobNode.__eq__": {"executed_lines": [62, 64], "summary": {"covered_lines": 2, "num_statements": 3, "percent_covered": 66.66666666666667, "percent_covered_display": "67", "missing_lines": 1, "excluded_lines": 0, "percent_statements_covered": 66.66666666666667, "percent_statements_covered_display": "67"}, "missing_lines": [63], "excluded_lines": [], "start_line": 61}, "DAGResult.failed_nodes": {"executed_lines": [101], "summary": {"covered_lines": 1, "num_statements": 1, "percent_covered": 100.0, "percent_covered_display": "100", "missing_lines": 0, "excluded_lines": 0, "percent_statements_covered": 100.0, "percent_statements_covered_display": "100"}, "missing_lines": [], "excluded_lines": [], "start_line": 99}, "DAGResult.skipped_nodes": {"executed_lines": [110], "summary": {"covered_lines": 1, "num_statements": 1, "percent_covered": 100.0, "percent_covered_display": "100", "missing_lines": 0, "excluded_lines": 0, "percent_statements_covered": 100.0, "percent_statements_covered_display": "100"}, "missing_lines": [], "excluded_lines": [], "start_line": 108}, "DAG.__init__": {"executed_lines": [144, 145], "summary": {"covered_lines": 2, "num_statements": 2, "percent_covered": 100.0, "percent_covered_display": "100", "missing_lines": 0, "excluded_lines": 0, "percent_statements_covered": 100.0, "percent_statements_covered_display": "100"}, "missing_lines": [], "excluded_lines": [], "start_line": 143}, "DAG.nodes": {"executed_lines": [150], "summary": {"covered_lines": 1, "num_statements": 1, "percent_covered": 100.0, "percent_covered_display": "100", "missing_lines": 0, "excluded_lines": 0, "percent_statements_covered": 100.0, "percent_statements_covered_display": "100"}, "missing_lines": [], "excluded_lines": [], "start_line": 148}, "DAG.add_node": {"executed_lines": [161, 162, 163], "summary": {"covered_lines": 3, "num_statements": 3, "percent_covered": 100.0, "percent_covered_display": "100", "missing_lines": 0, "excluded_lines": 0, "percent_statements_covered": 100.0, "percent_statements_covered_display": "100"}, "missing_lines": [], "excluded_lines": [], "start_line": 152}, "DAG.add_edge": {"executed_lines": [177, 178, 181, 182, 185, 186], "summary": {"covered_lines": 6, "num_statements": 6, "percent_covered": 100.0, "percent_covered_display": "100", "missing_lines": 0, "excluded_lines": 0, "percent_statements_covered": 100.0, "percent_statements_covered_display": "100"}, "missing_lines": [], "excluded_lines": [], "start_line": 165}, "DAG.get_node": {"executed_lines": [200, 201, 202], "summary": {"covered_lines": 3, "num_statements": 3, "percent_covered": 100.0, "percent_covered_display": "100", "missing_lines": 0, "excluded_lines": 0, "percent_statements_covered": 100.0, "percent_statements_covered_display": "100"}, "missing_lines": [], "excluded_lines": [], "start_line": 188}, "DAG.validate": {"executed_lines": [217, 218, 219, 220, 225, 226, 227, 230, 231, 233, 245, 246, 247], "summary": {"covered_lines": 13, "num_statements": 13, "percent_covered": 100.0, "percent_covered_display": "100", "missing_lines": 0, "excluded_lines": 0, "percent_statements_covered": 100.0, "percent_statements_covered_display": "100"}, "missing_lines": [], "excluded_lines": [], "start_line": 204}, "DAG.validate._dfs": {"executed_lines": [234, 235, 236, 237, 241, 242, 243], "summary": {"covered_lines": 7, "num_statements": 7, "percent_covered": 100.0, "percent_covered_display": "100", "missing_lines": 0, "excluded_lines": 0, "percent_statements_covered": 100.0, "percent_statements_covered_display": "100"}, "missing_lines": [], "excluded_lines": [], "start_line": 233}, "DAG.topological_sort": {"executed_lines": [260, 263, 266, 268, 270, 271, 272, 273, 276, 277, 278, 280, 281, 285], "summary": {"covered_lines": 14, "num_statements": 14, "percent_covered": 100.0, "percent_covered_display": "100", "missing_lines": 0, "excluded_lines": 0, "percent_statements_covered": 100.0, "percent_statements_covered_display": "100"}, "missing_lines": [], "excluded_lines": [], "start_line": 249}, "DAG.get_parallel_groups": {"executed_lines": [296, 299, 300, 302, 303, 306, 310, 311, 312, 313, 314, 315, 317], "summary": {"covered_lines": 13, "num_statements": 14, "percent_covered": 92.85714285714286, "percent_covered_display": "93", "missing_lines": 1, "excluded_lines": 0, "percent_statements_covered": 92.85714285714286, "percent_statements_covered_display": "93"}, "missing_lines": [307], "excluded_lines": [], "start_line": 287}, "DAG.get_execution_plan": {"executed_lines": [326], "summary": {"covered_lines": 1, "num_statements": 1, "percent_covered": 100.0, "percent_covered_display": "100", "missing_lines": 0, "excluded_lines": 0, "percent_statements_covered": 100.0, "percent_statements_covered_display": "100"}, "missing_lines": [], "excluded_lines": [], "start_line": 319}, "DAG.from_dict": {"executed_lines": [362, 363, 365, 366, 373, 376, 377, 378, 380], "summary": {"covered_lines": 9, "num_statements": 9, "percent_covered": 100.0, "percent_covered_display": "100", "missing_lines": 0, "excluded_lines": 0, "percent_statements_covered": 100.0, "percent_statements_covered_display": "100"}, "missing_lines": [], "excluded_lines": [], "start_line": 341}, "DAG.from_yaml": {"executed_lines": [392, 393, 394], "summary": {"covered_lines": 3, "num_statements": 3, "percent_covered": 100.0, "percent_covered_display": "100", "missing_lines": 0, "excluded_lines": 0, "percent_statements_covered": 100.0, "percent_statements_covered_display": "100"}, "missing_lines": [], "excluded_lines": [], "start_line": 383}, "DAGRunner.__init__": {"executed_lines": [424, 425], "summary": {"covered_lines": 2, "num_statements": 2, "percent_covered": 100.0, "percent_covered_display": "100", "missing_lines": 0, "excluded_lines": 0, "percent_statements_covered": 100.0, "percent_statements_covered_display": "100"}, "missing_lines": [], "excluded_lines": [], "start_line": 410}, "DAGRunner.run": {"executed_lines": [436, 437, 438, 439, 440, 442, 445, 446, 447, 449, 452, 453, 454, 458, 459, 464, 466, 467, 469, 470, 473, 479, 480, 481, 483, 486, 488, 489, 493], "summary": {"covered_lines": 29, "num_statements": 29, "percent_covered": 100.0, "percent_covered_display": "100", "missing_lines": 0, "excluded_lines": 0, "percent_statements_covered": 100.0, "percent_statements_covered_display": "100"}, "missing_lines": [], "excluded_lines": [], "start_line": 427}, "DAGRunner._run_group": {"executed_lines": [506, 507, 512, 513, 514, 520, 521, 522, 523], "summary": {"covered_lines": 9, "num_statements": 9, "percent_covered": 100.0, "percent_covered_display": "100", "missing_lines": 0, "excluded_lines": 0, "percent_statements_covered": 100.0, "percent_statements_covered_display": "100"}, "missing_lines": [], "excluded_lines": [], "start_line": 499}, "DAGRunner._execute_node": {"executed_lines": [531, 532, 534, 535, 536, 540, 542, 548, 549, 550, 551, 552, 553, 565, 566, 567, 568, 574, 575, 576, 577, 583], "summary": {"covered_lines": 22, "num_statements": 31, "percent_covered": 70.96774193548387, "percent_covered_display": "71", "missing_lines": 9, "excluded_lines": 0, "percent_statements_covered": 70.96774193548387, "percent_statements_covered_display": "71"}, "missing_lines": [537, 541, 544, 545, 546, 554, 556, 558, 560], "excluded_lines": [], "start_line": 525}, "DAGRunner._skip_remaining": {"executed_lines": [599, 600, 601, 602, 603, 604, 605, 606, 607, 608, 609, 613], "summary": {"covered_lines": 12, "num_statements": 12, "percent_covered": 100.0, "percent_covered_display": "100", "missing_lines": 0, "excluded_lines": 0, "percent_statements_covered": 100.0, "percent_statements_covered_display": "100"}, "missing_lines": [], "excluded_lines": [], "start_line": 591}, "": {"executed_lines": [9, 10, 11, 12, 13, 14, 16, 18, 20, 23, 25, 26, 27, 28, 29, 32, 33, 50, 51, 52, 53, 54, 55, 56, 58, 61, 67, 68, 80, 81, 84, 85, 95, 96, 98, 99, 107, 108, 117, 119, 122, 124, 127, 143, 147, 148, 152, 165, 188, 204, 249, 287, 319, 340, 341, 382, 383, 397, 410, 427, 499, 525, 590, 591], "summary": {"covered_lines": 64, "num_statements": 64, "percent_covered": 100.0, "percent_covered_display": "100", "missing_lines": 0, "excluded_lines": 0, "percent_statements_covered": 100.0, "percent_statements_covered_display": "100"}, "missing_lines": [], "excluded_lines": [], "start_line": 1}}, "classes": {"NodeStatus": {"executed_lines": [], "summary": {"covered_lines": 0, "num_statements": 0, "percent_covered": 100.0, "percent_covered_display": "100", "missing_lines": 0, "excluded_lines": 0, "percent_statements_covered": 100.0, "percent_statements_covered_display": "100"}, "missing_lines": [], "excluded_lines": [], "start_line": 23}, "JobNode": {"executed_lines": [59, 62, 64], "summary": {"covered_lines": 3, "num_statements": 4, "percent_covered": 75.0, "percent_covered_display": "75", "missing_lines": 1, "excluded_lines": 0, "percent_statements_covered": 75.0, "percent_statements_covered_display": "75"}, "missing_lines": [63], "excluded_lines": [], "start_line": 33}, "NodeResult": {"executed_lines": [], "summary": {"covered_lines": 0, "num_statements": 0, "percent_covered": 100.0, "percent_covered_display": "100", "missing_lines": 0, "excluded_lines": 0, "percent_statements_covered": 100.0, "percent_statements_covered_display": "100"}, "missing_lines": [], "excluded_lines": [], "start_line": 68}, "DAGResult": {"executed_lines": [101, 110], "summary": {"covered_lines": 2, "num_statements": 2, "percent_covered": 100.0, "percent_covered_display": "100", "missing_lines": 0, "excluded_lines": 0, "percent_statements_covered": 100.0, "percent_statements_covered_display": "100"}, "missing_lines": [], "excluded_lines": [], "start_line": 85}, "DAGCycleError": {"executed_lines": [], "summary": {"covered_lines": 0, "num_statements": 0, "percent_covered": 100.0, "percent_covered_display": "100", "missing_lines": 0, "excluded_lines": 0, "percent_statements_covered": 100.0, "percent_statements_covered_display": "100"}, "missing_lines": [], "excluded_lines": [], "start_line": 117}, "DAGMissingDependencyError": {"executed_lines": [], "summary": {"covered_lines": 0, "num_statements": 0, "percent_covered": 100.0, "percent_covered_display": "100", "missing_lines": 0, "excluded_lines": 0, "percent_statements_covered": 100.0, "percent_statements_covered_display": "100"}, "missing_lines": [], "excluded_lines": [], "start_line": 122}, "DAG": {"executed_lines": [144, 145, 150, 161, 162, 163, 177, 178, 181, 182, 185, 186, 200, 201, 202, 217, 218, 219, 220, 225, 226, 227, 230, 231, 233, 234, 235, 236, 237, 241, 242, 243, 245, 246, 247, 260, 263, 266, 268, 270, 271, 272, 273, 276, 277, 278, 280, 281, 285, 296, 299, 300, 302, 303, 306, 310, 311, 312, 313, 314, 315, 317, 326, 362, 363, 365, 366, 373, 376, 377, 378, 380, 392, 393, 394], "summary": {"covered_lines": 75, "num_statements": 76, "percent_covered": 98.6842105263158, "percent_covered_display": "99", "missing_lines": 1, "excluded_lines": 0, "percent_statements_covered": 98.6842105263158, "percent_statements_covered_display": "99"}, "missing_lines": [307], "excluded_lines": [], "start_line": 127}, "DAGRunner": {"executed_lines": [424, 425, 436, 437, 438, 439, 440, 442, 445, 446, 447, 449, 452, 453, 454, 458, 459, 464, 466, 467, 469, 470, 473, 479, 480, 481, 483, 486, 488, 489, 493, 506, 507, 512, 513, 514, 520, 521, 522, 523, 531, 532, 534, 535, 536, 540, 542, 548, 549, 550, 551, 552, 553, 565, 566, 567, 568, 574, 575, 576, 577, 583, 599, 600, 601, 602, 603, 604, 605, 606, 607, 608, 609, 613], "summary": {"covered_lines": 74, "num_statements": 83, "percent_covered": 89.1566265060241, "percent_covered_display": "89", "missing_lines": 9, "excluded_lines": 0, "percent_statements_covered": 89.1566265060241, "percent_statements_covered_display": "89"}, "missing_lines": [537, 541, 544, 545, 546, 554, 556, 558, 560], "excluded_lines": [], "start_line": 397}, "": {"executed_lines": [9, 10, 11, 12, 13, 14, 16, 18, 20, 23, 25, 26, 27, 28, 29, 32, 33, 50, 51, 52, 53, 54, 55, 56, 58, 61, 67, 68, 80, 81, 84, 85, 95, 96, 98, 99, 107, 108, 117, 119, 122, 124, 127, 143, 147, 148, 152, 165, 188, 204, 249, 287, 319, 340, 341, 382, 383, 397, 410, 427, 499, 525, 590, 591], "summary": {"covered_lines": 64, "num_statements": 64, "percent_covered": 100.0, "percent_covered_display": "100", "missing_lines": 0, "excluded_lines": 0, "percent_statements_covered": 100.0, "percent_statements_covered_display": "100"}, "missing_lines": [], "excluded_lines": [], "start_line": 1}}}, "src/simpleetl/core/dlq.py": {"executed_lines": [8, 10, 11, 12, 13, 14, 15, 16, 17, 20, 21, 35, 36, 37, 38, 41, 42, 43, 45, 47, 49, 50, 52, 57, 65, 66, 67, 69, 90, 91, 94, 102, 103, 104, 106, 107, 109, 110, 112, 113, 115, 116, 118, 120, 121, 123, 141, 142, 144, 146, 147, 148, 149, 151, 155, 157, 158, 160, 161, 162, 163, 165, 166, 168, 169, 170, 171, 173, 174, 175, 179, 180, 190, 191, 193, 210, 211, 212, 214, 215, 216, 217, 219, 223, 224, 226, 228, 229, 231, 232, 233, 234, 235, 237, 238, 239, 241, 242, 244, 245, 246, 247, 248, 253, 258, 269], "summary": {"covered_lines": 106, "num_statements": 107, "percent_covered": 99.06542056074767, "percent_covered_display": "99", "missing_lines": 1, "excluded_lines": 0, "percent_statements_covered": 99.06542056074767, "percent_statements_covered_display": "99"}, "missing_lines": [236], "excluded_lines": [], "functions": {"DLQEntry.to_dict": {"executed_lines": [47], "summary": {"covered_lines": 1, "num_statements": 1, "percent_covered": 100.0, "percent_covered_display": "100", "missing_lines": 0, "excluded_lines": 0, "percent_statements_covered": 100.0, "percent_statements_covered_display": "100"}, "missing_lines": [], "excluded_lines": [], "start_line": 45}, "DLQEntry.from_dict": {"executed_lines": [52], "summary": {"covered_lines": 1, "num_statements": 1, "percent_covered": 100.0, "percent_covered_display": "100", "missing_lines": 0, "excluded_lines": 0, "percent_statements_covered": 100.0, "percent_statements_covered_display": "100"}, "missing_lines": [], "excluded_lines": [], "start_line": 50}, "DeadLetterQueue.__init__": {"executed_lines": [66, 67], "summary": {"covered_lines": 2, "num_statements": 2, "percent_covered": 100.0, "percent_covered_display": "100", "missing_lines": 0, "excluded_lines": 0, "percent_statements_covered": 100.0, "percent_statements_covered_display": "100"}, "missing_lines": [], "excluded_lines": [], "start_line": 65}, "DeadLetterQueue.add_entry": {"executed_lines": [90, 91, 94, 102, 103, 104], "summary": {"covered_lines": 6, "num_statements": 6, "percent_covered": 100.0, "percent_covered_display": "100", "missing_lines": 0, "excluded_lines": 0, "percent_statements_covered": 100.0, "percent_statements_covered_display": "100"}, "missing_lines": [], "excluded_lines": [], "start_line": 69}, "DeadLetterQueue.entries": {"executed_lines": [109, 110], "summary": {"covered_lines": 2, "num_statements": 2, "percent_covered": 100.0, "percent_covered_display": "100", "missing_lines": 0, "excluded_lines": 0, "percent_statements_covered": 100.0, "percent_statements_covered_display": "100"}, "missing_lines": [], "excluded_lines": [], "start_line": 107}, "DeadLetterQueue.count": {"executed_lines": [115, 116], "summary": {"covered_lines": 2, "num_statements": 2, "percent_covered": 100.0, "percent_covered_display": "100", "missing_lines": 0, "excluded_lines": 0, "percent_statements_covered": 100.0, "percent_statements_covered_display": "100"}, "missing_lines": [], "excluded_lines": [], "start_line": 113}, "DeadLetterQueue.clear": {"executed_lines": [120, 121], "summary": {"covered_lines": 2, "num_statements": 2, "percent_covered": 100.0, "percent_covered_display": "100", "missing_lines": 0, "excluded_lines": 0, "percent_statements_covered": 100.0, "percent_statements_covered_display": "100"}, "missing_lines": [], "excluded_lines": [], "start_line": 118}, "DeadLetterQueue.write_to_dlq": {"executed_lines": [141, 142, 144, 146, 147, 148, 149, 151, 155], "summary": {"covered_lines": 9, "num_statements": 9, "percent_covered": 100.0, "percent_covered_display": "100", "missing_lines": 0, "excluded_lines": 0, "percent_statements_covered": 100.0, "percent_statements_covered_display": "100"}, "missing_lines": [], "excluded_lines": [], "start_line": 123}, "DeadLetterQueue._write_jsonl": {"executed_lines": [160, 161, 162, 163], "summary": {"covered_lines": 4, "num_statements": 4, "percent_covered": 100.0, "percent_covered_display": "100", "missing_lines": 0, "excluded_lines": 0, "percent_statements_covered": 100.0, "percent_statements_covered_display": "100"}, "missing_lines": [], "excluded_lines": [], "start_line": 158}, "DeadLetterQueue._write_csv": {"executed_lines": [168, 169, 170, 171, 173, 174, 175, 179, 180, 190, 191], "summary": {"covered_lines": 11, "num_statements": 11, "percent_covered": 100.0, "percent_covered_display": "100", "missing_lines": 0, "excluded_lines": 0, "percent_statements_covered": 100.0, "percent_statements_covered_display": "100"}, "missing_lines": [], "excluded_lines": [], "start_line": 166}, "DeadLetterQueue.read_from_dlq": {"executed_lines": [210, 211, 212, 214, 215, 216, 217, 219, 223, 224, 226], "summary": {"covered_lines": 11, "num_statements": 11, "percent_covered": 100.0, "percent_covered_display": "100", "missing_lines": 0, "excluded_lines": 0, "percent_statements_covered": 100.0, "percent_statements_covered_display": "100"}, "missing_lines": [], "excluded_lines": [], "start_line": 193}, "DeadLetterQueue._read_jsonl": {"executed_lines": [231, 232, 233, 234, 235, 237, 238, 239], "summary": {"covered_lines": 8, "num_statements": 9, "percent_covered": 88.88888888888889, "percent_covered_display": "89", "missing_lines": 1, "excluded_lines": 0, "percent_statements_covered": 88.88888888888889, "percent_statements_covered_display": "89"}, "missing_lines": [236], "excluded_lines": [], "start_line": 229}, "DeadLetterQueue._read_csv": {"executed_lines": [244, 245, 246, 247, 248, 253, 258, 269], "summary": {"covered_lines": 8, "num_statements": 8, "percent_covered": 100.0, "percent_covered_display": "100", "missing_lines": 0, "excluded_lines": 0, "percent_statements_covered": 100.0, "percent_statements_covered_display": "100"}, "missing_lines": [], "excluded_lines": [], "start_line": 242}, "": {"executed_lines": [8, 10, 11, 12, 13, 14, 15, 16, 17, 20, 21, 35, 36, 37, 38, 41, 42, 43, 45, 49, 50, 57, 65, 69, 106, 107, 112, 113, 118, 123, 157, 158, 165, 166, 193, 228, 229, 241, 242], "summary": {"covered_lines": 39, "num_statements": 39, "percent_covered": 100.0, "percent_covered_display": "100", "missing_lines": 0, "excluded_lines": 0, "percent_statements_covered": 100.0, "percent_statements_covered_display": "100"}, "missing_lines": [], "excluded_lines": [], "start_line": 1}}, "classes": {"DLQEntry": {"executed_lines": [47, 52], "summary": {"covered_lines": 2, "num_statements": 2, "percent_covered": 100.0, "percent_covered_display": "100", "missing_lines": 0, "excluded_lines": 0, "percent_statements_covered": 100.0, "percent_statements_covered_display": "100"}, "missing_lines": [], "excluded_lines": [], "start_line": 21}, "DeadLetterQueue": {"executed_lines": [66, 67, 90, 91, 94, 102, 103, 104, 109, 110, 115, 116, 120, 121, 141, 142, 144, 146, 147, 148, 149, 151, 155, 160, 161, 162, 163, 168, 169, 170, 171, 173, 174, 175, 179, 180, 190, 191, 210, 211, 212, 214, 215, 216, 217, 219, 223, 224, 226, 231, 232, 233, 234, 235, 237, 238, 239, 244, 245, 246, 247, 248, 253, 258, 269], "summary": {"covered_lines": 65, "num_statements": 66, "percent_covered": 98.48484848484848, "percent_covered_display": "98", "missing_lines": 1, "excluded_lines": 0, "percent_statements_covered": 98.48484848484848, "percent_statements_covered_display": "98"}, "missing_lines": [236], "excluded_lines": [], "start_line": 57}, "": {"executed_lines": [8, 10, 11, 12, 13, 14, 15, 16, 17, 20, 21, 35, 36, 37, 38, 41, 42, 43, 45, 49, 50, 57, 65, 69, 106, 107, 112, 113, 118, 123, 157, 158, 165, 166, 193, 228, 229, 241, 242], "summary": {"covered_lines": 39, "num_statements": 39, "percent_covered": 100.0, "percent_covered_display": "100", "missing_lines": 0, "excluded_lines": 0, "percent_statements_covered": 100.0, "percent_statements_covered_display": "100"}, "missing_lines": [], "excluded_lines": [], "start_line": 1}}}, "src/simpleetl/core/errors.py": {"executed_lines": [8, 10, 11, 12, 15, 17, 18, 19, 22, 33, 41, 42, 43, 44, 45, 46, 48, 49, 50, 51, 52, 53, 54, 55, 56, 59, 62, 63, 64, 67, 70, 71, 72, 75, 78, 79, 80, 83, 93, 100, 101, 102, 103, 105, 106, 107, 113, 131, 132, 135, 151, 165, 166, 169, 171, 172, 181, 182, 185, 186, 187, 190, 191, 192, 194], "summary": {"covered_lines": 65, "num_statements": 65, "percent_covered": 100.0, "percent_covered_display": "100", "missing_lines": 0, "excluded_lines": 0, "percent_statements_covered": 100.0, "percent_statements_covered_display": "100"}, "missing_lines": [], "excluded_lines": [], "functions": {"ETLError.__init__": {"executed_lines": [41, 42, 43, 44, 45, 46], "summary": {"covered_lines": 6, "num_statements": 6, "percent_covered": 100.0, "percent_covered_display": "100", "missing_lines": 0, "excluded_lines": 0, "percent_statements_covered": 100.0, "percent_statements_covered_display": "100"}, "missing_lines": [], "excluded_lines": [], "start_line": 33}, "ETLError.__str__": {"executed_lines": [49, 50, 51, 52, 53, 54, 55, 56], "summary": {"covered_lines": 8, "num_statements": 8, "percent_covered": 100.0, "percent_covered_display": "100", "missing_lines": 0, "excluded_lines": 0, "percent_statements_covered": 100.0, "percent_statements_covered_display": "100"}, "missing_lines": [], "excluded_lines": [], "start_line": 48}, "ExtractError.__init__": {"executed_lines": [63, 64], "summary": {"covered_lines": 2, "num_statements": 2, "percent_covered": 100.0, "percent_covered_display": "100", "missing_lines": 0, "excluded_lines": 0, "percent_statements_covered": 100.0, "percent_statements_covered_display": "100"}, "missing_lines": [], "excluded_lines": [], "start_line": 62}, "TransformError.__init__": {"executed_lines": [71, 72], "summary": {"covered_lines": 2, "num_statements": 2, "percent_covered": 100.0, "percent_covered_display": "100", "missing_lines": 0, "excluded_lines": 0, "percent_statements_covered": 100.0, "percent_statements_covered_display": "100"}, "missing_lines": [], "excluded_lines": [], "start_line": 70}, "LoadError.__init__": {"executed_lines": [79, 80], "summary": {"covered_lines": 2, "num_statements": 2, "percent_covered": 100.0, "percent_covered_display": "100", "missing_lines": 0, "excluded_lines": 0, "percent_statements_covered": 100.0, "percent_statements_covered_display": "100"}, "missing_lines": [], "excluded_lines": [], "start_line": 78}, "PartialFailureError.__init__": {"executed_lines": [100, 101, 102, 103], "summary": {"covered_lines": 4, "num_statements": 4, "percent_covered": 100.0, "percent_covered_display": "100", "missing_lines": 0, "excluded_lines": 0, "percent_statements_covered": 100.0, "percent_statements_covered_display": "100"}, "missing_lines": [], "excluded_lines": [], "start_line": 93}, "PartialFailureError.__str__": {"executed_lines": [106, 107], "summary": {"covered_lines": 2, "num_statements": 2, "percent_covered": 100.0, "percent_covered_display": "100", "missing_lines": 0, "excluded_lines": 0, "percent_statements_covered": 100.0, "percent_statements_covered_display": "100"}, "missing_lines": [], "excluded_lines": [], "start_line": 105}, "classify_error": {"executed_lines": [131, 132, 135, 151, 165, 166, 169, 171, 172, 181, 182, 185, 186, 187, 190, 191, 192, 194], "summary": {"covered_lines": 18, "num_statements": 18, "percent_covered": 100.0, "percent_covered_display": "100", "missing_lines": 0, "excluded_lines": 0, "percent_statements_covered": 100.0, "percent_statements_covered_display": "100"}, "missing_lines": [], "excluded_lines": [], "start_line": 113}, "": {"executed_lines": [8, 10, 11, 12, 15, 17, 18, 19, 22, 33, 48, 59, 62, 67, 70, 75, 78, 83, 93, 105, 113], "summary": {"covered_lines": 21, "num_statements": 21, "percent_covered": 100.0, "percent_covered_display": "100", "missing_lines": 0, "excluded_lines": 0, "percent_statements_covered": 100.0, "percent_statements_covered_display": "100"}, "missing_lines": [], "excluded_lines": [], "start_line": 1}}, "classes": {"ErrorClassification": {"executed_lines": [], "summary": {"covered_lines": 0, "num_statements": 0, "percent_covered": 100.0, "percent_covered_display": "100", "missing_lines": 0, "excluded_lines": 0, "percent_statements_covered": 100.0, "percent_statements_covered_display": "100"}, "missing_lines": [], "excluded_lines": [], "start_line": 15}, "ETLError": {"executed_lines": [41, 42, 43, 44, 45, 46, 49, 50, 51, 52, 53, 54, 55, 56], "summary": {"covered_lines": 14, "num_statements": 14, "percent_covered": 100.0, "percent_covered_display": "100", "missing_lines": 0, "excluded_lines": 0, "percent_statements_covered": 100.0, "percent_statements_covered_display": "100"}, "missing_lines": [], "excluded_lines": [], "start_line": 22}, "ExtractError": {"executed_lines": [63, 64], "summary": {"covered_lines": 2, "num_statements": 2, "percent_covered": 100.0, "percent_covered_display": "100", "missing_lines": 0, "excluded_lines": 0, "percent_statements_covered": 100.0, "percent_statements_covered_display": "100"}, "missing_lines": [], "excluded_lines": [], "start_line": 59}, "TransformError": {"executed_lines": [71, 72], "summary": {"covered_lines": 2, "num_statements": 2, "percent_covered": 100.0, "percent_covered_display": "100", "missing_lines": 0, "excluded_lines": 0, "percent_statements_covered": 100.0, "percent_statements_covered_display": "100"}, "missing_lines": [], "excluded_lines": [], "start_line": 67}, "LoadError": {"executed_lines": [79, 80], "summary": {"covered_lines": 2, "num_statements": 2, "percent_covered": 100.0, "percent_covered_display": "100", "missing_lines": 0, "excluded_lines": 0, "percent_statements_covered": 100.0, "percent_statements_covered_display": "100"}, "missing_lines": [], "excluded_lines": [], "start_line": 75}, "PartialFailureError": {"executed_lines": [100, 101, 102, 103, 106, 107], "summary": {"covered_lines": 6, "num_statements": 6, "percent_covered": 100.0, "percent_covered_display": "100", "missing_lines": 0, "excluded_lines": 0, "percent_statements_covered": 100.0, "percent_statements_covered_display": "100"}, "missing_lines": [], "excluded_lines": [], "start_line": 83}, "": {"executed_lines": [8, 10, 11, 12, 15, 17, 18, 19, 22, 33, 48, 59, 62, 67, 70, 75, 78, 83, 93, 105, 113, 131, 132, 135, 151, 165, 166, 169, 171, 172, 181, 182, 185, 186, 187, 190, 191, 192, 194], "summary": {"covered_lines": 39, "num_statements": 39, "percent_covered": 100.0, "percent_covered_display": "100", "missing_lines": 0, "excluded_lines": 0, "percent_statements_covered": 100.0, "percent_statements_covered_display": "100"}, "missing_lines": [], "excluded_lines": [], "start_line": 1}}}, "src/simpleetl/core/filesystem.py": {"executed_lines": [7, 8, 10, 13, 22, 32, 42, 43, 44, 45, 48, 70, 71, 72, 73, 74, 75, 76, 77, 80, 90, 91, 92, 93, 96, 123, 124, 125, 126, 129, 139, 140, 141, 142, 145], "summary": {"covered_lines": 35, "num_statements": 41, "percent_covered": 85.36585365853658, "percent_covered_display": "85", "missing_lines": 6, "excluded_lines": 0, "percent_statements_covered": 85.36585365853658, "percent_statements_covered_display": "85"}, "missing_lines": [159, 160, 161, 163, 164, 165], "excluded_lines": [], "functions": {"is_cloud_path": {"executed_lines": [42, 43, 44, 45], "summary": {"covered_lines": 4, "num_statements": 4, "percent_covered": 100.0, "percent_covered_display": "100", "missing_lines": 0, "excluded_lines": 0, "percent_statements_covered": 100.0, "percent_statements_covered_display": "100"}, "missing_lines": [], "excluded_lines": [], "start_line": 32}, "split_path": {"executed_lines": [70, 71, 72, 73, 74, 75, 76, 77], "summary": {"covered_lines": 8, "num_statements": 8, "percent_covered": 100.0, "percent_covered_display": "100", "missing_lines": 0, "excluded_lines": 0, "percent_statements_covered": 100.0, "percent_statements_covered_display": "100"}, "missing_lines": [], "excluded_lines": [], "start_line": 48}, "get_cloud_type": {"executed_lines": [90, 91, 92, 93], "summary": {"covered_lines": 4, "num_statements": 4, "percent_covered": 100.0, "percent_covered_display": "100", "missing_lines": 0, "excluded_lines": 0, "percent_statements_covered": 100.0, "percent_statements_covered_display": "100"}, "missing_lines": [], "excluded_lines": [], "start_line": 80}, "get_filesystem": {"executed_lines": [123, 124, 125, 126], "summary": {"covered_lines": 4, "num_statements": 4, "percent_covered": 100.0, "percent_covered_display": "100", "missing_lines": 0, "excluded_lines": 0, "percent_statements_covered": 100.0, "percent_statements_covered_display": "100"}, "missing_lines": [], "excluded_lines": [], "start_line": 96}, "_detect_protocol": {"executed_lines": [139, 140, 141, 142], "summary": {"covered_lines": 4, "num_statements": 4, "percent_covered": 100.0, "percent_covered_display": "100", "missing_lines": 0, "excluded_lines": 0, "percent_statements_covered": 100.0, "percent_statements_covered_display": "100"}, "missing_lines": [], "excluded_lines": [], "start_line": 129}, "get_file_mode": {"executed_lines": [], "summary": {"covered_lines": 0, "num_statements": 6, "percent_covered": 0.0, "percent_covered_display": "0", "missing_lines": 6, "excluded_lines": 0, "percent_statements_covered": 0.0, "percent_statements_covered_display": "0"}, "missing_lines": [159, 160, 161, 163, 164, 165], "excluded_lines": [], "start_line": 145}, "": {"executed_lines": [7, 8, 10, 13, 22, 32, 48, 80, 96, 129, 145], "summary": {"covered_lines": 11, "num_statements": 11, "percent_covered": 100.0, "percent_covered_display": "100", "missing_lines": 0, "excluded_lines": 0, "percent_statements_covered": 100.0, "percent_statements_covered_display": "100"}, "missing_lines": [], "excluded_lines": [], "start_line": 1}}, "classes": {"": {"executed_lines": [7, 8, 10, 13, 22, 32, 42, 43, 44, 45, 48, 70, 71, 72, 73, 74, 75, 76, 77, 80, 90, 91, 92, 93, 96, 123, 124, 125, 126, 129, 139, 140, 141, 142, 145], "summary": {"covered_lines": 35, "num_statements": 41, "percent_covered": 85.36585365853658, "percent_covered_display": "85", "missing_lines": 6, "excluded_lines": 0, "percent_statements_covered": 85.36585365853658, "percent_statements_covered_display": "85"}, "missing_lines": [159, 160, 161, 163, 164, 165], "excluded_lines": [], "start_line": 1}}}, "src/simpleetl/core/health.py": {"executed_lines": [8, 9, 10, 11, 13, 14, 16, 19, 22, 24, 25, 27, 28, 29, 30, 31, 32, 34, 35, 36, 37, 39, 41, 42, 43, 44, 46, 48, 49, 50, 51, 53, 55, 56, 57, 58, 59, 60, 62, 64, 67, 70, 71, 72, 73, 75, 77, 78, 79, 80, 82, 84, 85, 86, 90, 93], "summary": {"covered_lines": 56, "num_statements": 59, "percent_covered": 94.91525423728814, "percent_covered_display": "95", "missing_lines": 3, "excluded_lines": 0, "percent_statements_covered": 94.91525423728814, "percent_statements_covered_display": "95"}, "missing_lines": [95, 96, 97], "excluded_lines": [], "functions": {"HealthHandler.do_GET": {"executed_lines": [24, 25, 27, 28, 29, 30, 31, 32, 34, 35, 36, 37], "summary": {"covered_lines": 12, "num_statements": 12, "percent_covered": 100.0, "percent_covered_display": "100", "missing_lines": 0, "excluded_lines": 0, "percent_statements_covered": 100.0, "percent_statements_covered_display": "100"}, "missing_lines": [], "excluded_lines": [], "start_line": 22}, "HealthHandler._handle_health": {"executed_lines": [41, 42, 43, 44], "summary": {"covered_lines": 4, "num_statements": 4, "percent_covered": 100.0, "percent_covered_display": "100", "missing_lines": 0, "excluded_lines": 0, "percent_statements_covered": 100.0, "percent_statements_covered_display": "100"}, "missing_lines": [], "excluded_lines": [], "start_line": 39}, "HealthHandler._handle_readiness": {"executed_lines": [48, 49, 50, 51], "summary": {"covered_lines": 4, "num_statements": 4, "percent_covered": 100.0, "percent_covered_display": "100", "missing_lines": 0, "excluded_lines": 0, "percent_statements_covered": 100.0, "percent_statements_covered_display": "100"}, "missing_lines": [], "excluded_lines": [], "start_line": 46}, "HealthHandler._handle_metrics": {"executed_lines": [55, 56, 57, 58, 59, 60], "summary": {"covered_lines": 6, "num_statements": 6, "percent_covered": 100.0, "percent_covered_display": "100", "missing_lines": 0, "excluded_lines": 0, "percent_statements_covered": 100.0, "percent_statements_covered_display": "100"}, "missing_lines": [], "excluded_lines": [], "start_line": 53}, "HealthHandler.log_message": {"executed_lines": [64], "summary": {"covered_lines": 1, "num_statements": 1, "percent_covered": 100.0, "percent_covered_display": "100", "missing_lines": 0, "excluded_lines": 0, "percent_statements_covered": 100.0, "percent_statements_covered_display": "100"}, "missing_lines": [], "excluded_lines": [], "start_line": 62}, "HealthServer.__init__": {"executed_lines": [71, 72, 73], "summary": {"covered_lines": 3, "num_statements": 3, "percent_covered": 100.0, "percent_covered_display": "100", "missing_lines": 0, "excluded_lines": 0, "percent_statements_covered": 100.0, "percent_statements_covered_display": "100"}, "missing_lines": [], "excluded_lines": [], "start_line": 70}, "HealthServer.start": {"executed_lines": [77, 78, 79, 80], "summary": {"covered_lines": 4, "num_statements": 4, "percent_covered": 100.0, "percent_covered_display": "100", "missing_lines": 0, "excluded_lines": 0, "percent_statements_covered": 100.0, "percent_statements_covered_display": "100"}, "missing_lines": [], "excluded_lines": [], "start_line": 75}, "HealthServer.stop": {"executed_lines": [84, 85, 86], "summary": {"covered_lines": 3, "num_statements": 3, "percent_covered": 100.0, "percent_covered_display": "100", "missing_lines": 0, "excluded_lines": 0, "percent_statements_covered": 100.0, "percent_statements_covered_display": "100"}, "missing_lines": [], "excluded_lines": [], "start_line": 82}, "start_health_server": {"executed_lines": [], "summary": {"covered_lines": 0, "num_statements": 3, "percent_covered": 0.0, "percent_covered_display": "0", "missing_lines": 3, "excluded_lines": 0, "percent_statements_covered": 0.0, "percent_statements_covered_display": "0"}, "missing_lines": [95, 96, 97], "excluded_lines": [], "start_line": 93}, "": {"executed_lines": [8, 9, 10, 11, 13, 14, 16, 19, 22, 39, 46, 53, 62, 67, 70, 75, 82, 90, 93], "summary": {"covered_lines": 19, "num_statements": 19, "percent_covered": 100.0, "percent_covered_display": "100", "missing_lines": 0, "excluded_lines": 0, "percent_statements_covered": 100.0, "percent_statements_covered_display": "100"}, "missing_lines": [], "excluded_lines": [], "start_line": 1}}, "classes": {"HealthHandler": {"executed_lines": [24, 25, 27, 28, 29, 30, 31, 32, 34, 35, 36, 37, 41, 42, 43, 44, 48, 49, 50, 51, 55, 56, 57, 58, 59, 60, 64], "summary": {"covered_lines": 27, "num_statements": 27, "percent_covered": 100.0, "percent_covered_display": "100", "missing_lines": 0, "excluded_lines": 0, "percent_statements_covered": 100.0, "percent_statements_covered_display": "100"}, "missing_lines": [], "excluded_lines": [], "start_line": 19}, "HealthServer": {"executed_lines": [71, 72, 73, 77, 78, 79, 80, 84, 85, 86], "summary": {"covered_lines": 10, "num_statements": 10, "percent_covered": 100.0, "percent_covered_display": "100", "missing_lines": 0, "excluded_lines": 0, "percent_statements_covered": 100.0, "percent_statements_covered_display": "100"}, "missing_lines": [], "excluded_lines": [], "start_line": 67}, "": {"executed_lines": [8, 9, 10, 11, 13, 14, 16, 19, 22, 39, 46, 53, 62, 67, 70, 75, 82, 90, 93], "summary": {"covered_lines": 19, "num_statements": 22, "percent_covered": 86.36363636363636, "percent_covered_display": "86", "missing_lines": 3, "excluded_lines": 0, "percent_statements_covered": 86.36363636363636, "percent_statements_covered_display": "86"}, "missing_lines": [95, 96, 97], "excluded_lines": [], "start_line": 1}}}, "src/simpleetl/core/hooks.py": {"executed_lines": [8, 9, 10, 11, 12, 17, 23, 24, 25, 26, 27, 28, 29, 30, 32, 48, 49, 62, 63, 64, 65, 66, 67, 68, 75, 82, 83, 85, 86, 99, 105, 106, 108, 109, 110, 111, 112, 114, 142, 153, 154, 155, 171, 184, 188, 198, 201, 212, 222, 224, 231, 234, 235, 237, 241, 249, 252, 253, 255, 259, 304, 307, 308, 310, 321], "summary": {"covered_lines": 65, "num_statements": 150, "percent_covered": 43.333333333333336, "percent_covered_display": "43", "missing_lines": 85, "excluded_lines": 2, "percent_statements_covered": 43.333333333333336, "percent_statements_covered_display": "43"}, "missing_lines": [92, 126, 127, 131, 132, 134, 135, 157, 160, 161, 162, 163, 164, 178, 179, 180, 182, 186, 190, 191, 209, 219, 238, 239, 242, 243, 244, 245, 246, 256, 257, 260, 261, 263, 264, 265, 267, 268, 269, 270, 271, 272, 278, 280, 281, 282, 284, 285, 286, 291, 292, 294, 295, 296, 298, 299, 300, 301, 316, 317, 318, 319, 322, 323, 324, 325, 327, 328, 329, 330, 332, 333, 335, 336, 339, 340, 343, 344, 349, 351, 354, 358, 361, 362, 364], "excluded_lines": [14, 15], "functions": {"Hook.execute": {"executed_lines": [], "summary": {"covered_lines": 0, "num_statements": 1, "percent_covered": 0.0, "percent_covered_display": "0", "missing_lines": 1, "excluded_lines": 0, "percent_statements_covered": 0.0, "percent_statements_covered_display": "0"}, "missing_lines": [92], "excluded_lines": [], "start_line": 86}, "HookRegistry.__new__": {"executed_lines": [109, 110, 111, 112], "summary": {"covered_lines": 4, "num_statements": 4, "percent_covered": 100.0, "percent_covered_display": "100", "missing_lines": 0, "excluded_lines": 0, "percent_statements_covered": 100.0, "percent_statements_covered_display": "100"}, "missing_lines": [], "excluded_lines": [], "start_line": 108}, "HookRegistry.register": {"executed_lines": [], "summary": {"covered_lines": 0, "num_statements": 6, "percent_covered": 0.0, "percent_covered_display": "0", "missing_lines": 6, "excluded_lines": 0, "percent_statements_covered": 0.0, "percent_statements_covered_display": "0"}, "missing_lines": [126, 127, 131, 132, 134, 135], "excluded_lines": [], "start_line": 114}, "HookRegistry.execute": {"executed_lines": [153, 154, 155], "summary": {"covered_lines": 3, "num_statements": 9, "percent_covered": 33.333333333333336, "percent_covered_display": "33", "missing_lines": 6, "excluded_lines": 0, "percent_statements_covered": 33.333333333333336, "percent_statements_covered_display": "33"}, "missing_lines": [157, 160, 161, 162, 163, 164], "excluded_lines": [], "start_line": 142}, "HookRegistry.clear": {"executed_lines": [], "summary": {"covered_lines": 0, "num_statements": 4, "percent_covered": 0.0, "percent_covered_display": "0", "missing_lines": 4, "excluded_lines": 0, "percent_statements_covered": 0.0, "percent_statements_covered_display": "0"}, "missing_lines": [178, 179, 180, 182], "excluded_lines": [], "start_line": 171}, "HookRegistry.get_hooks": {"executed_lines": [], "summary": {"covered_lines": 0, "num_statements": 1, "percent_covered": 0.0, "percent_covered_display": "0", "missing_lines": 1, "excluded_lines": 0, "percent_statements_covered": 0.0, "percent_statements_covered_display": "0"}, "missing_lines": [186], "excluded_lines": [], "start_line": 184}, "HookRegistry.reset": {"executed_lines": [], "summary": {"covered_lines": 0, "num_statements": 2, "percent_covered": 0.0, "percent_covered_display": "0", "missing_lines": 2, "excluded_lines": 0, "percent_statements_covered": 0.0, "percent_statements_covered_display": "0"}, "missing_lines": [190, 191], "excluded_lines": [], "start_line": 188}, "register_hook": {"executed_lines": [], "summary": {"covered_lines": 0, "num_statements": 1, "percent_covered": 0.0, "percent_covered_display": "0", "missing_lines": 1, "excluded_lines": 0, "percent_statements_covered": 0.0, "percent_statements_covered_display": "0"}, "missing_lines": [209], "excluded_lines": [], "start_line": 201}, "execute_hooks": {"executed_lines": [], "summary": {"covered_lines": 0, "num_statements": 1, "percent_covered": 0.0, "percent_covered_display": "0", "missing_lines": 1, "excluded_lines": 0, "percent_statements_covered": 0.0, "percent_statements_covered_display": "0"}, "missing_lines": [219], "excluded_lines": [], "start_line": 212}, "get_hook_registry": {"executed_lines": [224], "summary": {"covered_lines": 1, "num_statements": 1, "percent_covered": 100.0, "percent_covered_display": "100", "missing_lines": 0, "excluded_lines": 0, "percent_statements_covered": 100.0, "percent_statements_covered_display": "100"}, "missing_lines": [], "excluded_lines": [], "start_line": 222}, "LoggingHook.__init__": {"executed_lines": [], "summary": {"covered_lines": 0, "num_statements": 2, "percent_covered": 0.0, "percent_covered_display": "0", "missing_lines": 2, "excluded_lines": 0, "percent_statements_covered": 0.0, "percent_statements_covered_display": "0"}, "missing_lines": [238, 239], "excluded_lines": [], "start_line": 237}, "LoggingHook.execute": {"executed_lines": [], "summary": {"covered_lines": 0, "num_statements": 5, "percent_covered": 0.0, "percent_covered_display": "0", "missing_lines": 5, "excluded_lines": 0, "percent_statements_covered": 0.0, "percent_statements_covered_display": "0"}, "missing_lines": [242, 243, 244, 245, 246], "excluded_lines": [], "start_line": 241}, "MetricsHook.__init__": {"executed_lines": [], "summary": {"covered_lines": 0, "num_statements": 2, "percent_covered": 0.0, "percent_covered_display": "0", "missing_lines": 2, "excluded_lines": 0, "percent_statements_covered": 0.0, "percent_statements_covered_display": "0"}, "missing_lines": [256, 257], "excluded_lines": [], "start_line": 255}, "MetricsHook
[...]
cluded_lines": [], "start_line": 446}, "limit_rows": {"executed_lines": [488, 490], "summary": {"covered_lines": 2, "num_statements": 3, "percent_covered": 66.66666666666667, "percent_covered_display": "67", "missing_lines": 1, "excluded_lines": 0, "percent_statements_covered": 66.66666666666667, "percent_statements_covered_display": "67"}, "missing_lines": [489], "excluded_lines": [], "start_line": 474}, "sample_data": {"executed_lines": [514, 516, 519], "summary": {"covered_lines": 3, "num_statements": 5, "percent_covered": 60.0, "percent_covered_display": "60", "missing_lines": 2, "excluded_lines": 0, "percent_statements_covered": 60.0, "percent_statements_covered_display": "60"}, "missing_lines": [515, 517], "excluded_lines": [], "start_line": 493}, "distinct_data": {"executed_lines": [542, 547], "summary": {"covered_lines": 2, "num_statements": 5, "percent_covered": 40.0, "percent_covered_display": "40", "missing_lines": 3, "excluded_lines": 0, "percent_statements_covered": 40.0, "percent_statements_covered_display": "40"}, "missing_lines": [543, 544, 545], "excluded_lines": [], "start_line": 522}, "cast_columns": {"executed_lines": [573, 576, 577, 580, 581, 582, 587, 589], "summary": {"covered_lines": 8, "num_statements": 11, "percent_covered": 72.72727272727273, "percent_covered_display": "73", "missing_lines": 3, "excluded_lines": 0, "percent_statements_covered": 72.72727272727273, "percent_statements_covered_display": "73"}, "missing_lines": [574, 578, 583], "excluded_lines": [], "start_line": 550}, "when_otherwise": {"executed_lines": [619, 620, 624, 625, 630, 632], "summary": {"covered_lines": 6, "num_statements": 7, "percent_covered": 85.71428571428571, "percent_covered_display": "86", "missing_lines": 1, "excluded_lines": 0, "percent_statements_covered": 85.71428571428571, "percent_statements_covered_display": "86"}, "missing_lines": [626], "excluded_lines": [], "start_line": 592}, "add_computed_column": {"executed_lines": [657, 658, 659, 662], "summary": {"covered_lines": 4, "num_statements": 6, "percent_covered": 66.66666666666667, "percent_covered_display": "67", "missing_lines": 2, "excluded_lines": 0, "percent_statements_covered": 66.66666666666667, "percent_statements_covered_display": "67"}, "missing_lines": [660, 661], "excluded_lines": [], "start_line": 635}, "group_by_aggregate_data": {"executed_lines": [], "summary": {"covered_lines": 0, "num_statements": 17, "percent_covered": 0.0, "percent_covered_display": "0", "missing_lines": 17, "excluded_lines": 0, "percent_statements_covered": 0.0, "percent_statements_covered_display": "0"}, "missing_lines": [691, 693, 694, 695, 697, 698, 699, 701, 704, 705, 706, 707, 708, 709, 711, 712, 714], "excluded_lines": [], "start_line": 665}, "pivot_data": {"executed_lines": [], "summary": {"covered_lines": 0, "num_statements": 16, "percent_covered": 0.0, "percent_covered_display": "0", "missing_lines": 16, "excluded_lines": 0, "percent_statements_covered": 0.0, "percent_statements_covered_display": "0"}, "missing_lines": [742, 743, 745, 746, 747, 748, 750, 758, 759, 760, 761, 762, 763, 765, 766, 768], "excluded_lines": [], "start_line": 717}, "unpivot_data": {"executed_lines": [], "summary": {"covered_lines": 0, "num_statements": 11, "percent_covered": 0.0, "percent_covered_display": "0", "missing_lines": 11, "excluded_lines": 0, "percent_statements_covered": 0.0, "percent_statements_covered_display": "0"}, "missing_lines": [795, 796, 797, 798, 800, 801, 802, 803, 804, 806, 808], "excluded_lines": [], "start_line": 771}, "transform_chain": {"executed_lines": [], "summary": {"covered_lines": 0, "num_statements": 6, "percent_covered": 0.0, "percent_covered_display": "0", "missing_lines": 6, "excluded_lines": 0, "percent_statements_covered": 0.0, "percent_statements_covered_display": "0"}, "missing_lines": [846, 847, 848, 849, 850, 853], "excluded_lines": [], "start_line": 816}, "window_functions": {"executed_lines": [896, 902, 903, 905, 906, 907, 908, 909, 910, 913, 914, 915, 916, 919, 920, 924, 927, 930, 932, 933, 935, 936, 939, 940, 943, 944, 945, 946, 949, 950, 951, 952, 955, 956, 957, 958, 961, 962, 963, 965, 966, 967, 970, 972], "summary": {"covered_lines": 44, "num_statements": 44, "percent_covered": 100.0, "percent_covered_display": "100", "missing_lines": 0, "excluded_lines": 0, "percent_statements_covered": 100.0, "percent_statements_covered_display": "100"}, "missing_lines": [], "excluded_lines": [], "start_line": 856}, "string_operations": {"executed_lines": [1016, 1022, 1023, 1024, 1025, 1029, 1030, 1031, 1033, 1034, 1035, 1036, 1037, 1038, 1039, 1040, 1041, 1042, 1043, 1044, 1045, 1046, 1047, 1048, 1049, 1050, 1051, 1052, 1053, 1054, 1056, 1057, 1058, 1059, 1060, 1061, 1062, 1063, 1064, 1065, 1066, 1067, 1068, 1069, 1070, 1071, 1072, 1073, 1074, 1075, 1076, 1077, 1078, 1079, 1080, 1081, 1082, 1083, 1084, 1085, 1086, 1087, 1089], "summary": {"covered_lines": 63, "num_statements": 63, "percent_covered": 100.0, "percent_covered_display": "100", "missing_lines": 0, "excluded_lines": 0, "percent_statements_covered": 100.0, "percent_statements_covered_display": "100"}, "missing_lines": [], "excluded_lines": [], "start_line": 975}, "date_operations": {"executed_lines": [1135, 1140, 1150, 1155, 1168, 1169, 1170, 1171, 1175, 1177, 1178, 1180, 1182, 1183, 1184, 1185, 1186, 1187, 1190, 1191, 1197, 1198, 1199, 1200, 1201, 1202, 1205, 1207, 1208, 1209, 1210, 1211, 1213, 1214, 1215, 1216, 1217, 1218, 1219, 1221, 1222, 1223, 1224, 1225, 1227, 1236, 1237, 1238, 1239, 1240, 1241, 1242, 1243, 1244, 1247, 1249, 1250, 1252, 1253, 1255], "summary": {"covered_lines": 60, "num_statements": 68, "percent_covered": 88.23529411764706, "percent_covered_display": "88", "missing_lines": 8, "excluded_lines": 0, "percent_statements_covered": 88.23529411764706, "percent_statements_covered_display": "88"}, "missing_lines": [1195, 1212, 1228, 1229, 1230, 1231, 1232, 1234], "excluded_lines": [], "start_line": 1092}, "TransformationChain.__init__": {"executed_lines": [1280], "summary": {"covered_lines": 1, "num_statements": 1, "percent_covered": 100.0, "percent_covered_display": "100", "missing_lines": 0, "excluded_lines": 0, "percent_statements_covered": 100.0, "percent_statements_covered_display": "100"}, "missing_lines": [], "excluded_lines": [], "start_line": 1279}, "TransformationChain.filter": {"executed_lines": [1290, 1297], "summary": {"covered_lines": 2, "num_statements": 2, "percent_covered": 100.0, "percent_covered_display": "100", "missing_lines": 0, "excluded_lines": 0, "percent_statements_covered": 100.0, "percent_statements_covered_display": "100"}, "missing_lines": [], "excluded_lines": [], "start_line": 1282}, "TransformationChain.map": {"executed_lines": [], "summary": {"covered_lines": 0, "num_statements": 2, "percent_covered": 0.0, "percent_covered_display": "0", "missing_lines": 2, "excluded_lines": 0, "percent_statements_covered": 0.0, "percent_statements_covered_display": "0"}, "missing_lines": [1305, 1306], "excluded_lines": [], "start_line": 1299}, "TransformationChain.aggregate": {"executed_lines": [1314, 1315], "summary": {"covered_lines": 2, "num_statements": 2, "percent_covered": 100.0, "percent_covered_display": "100", "missing_lines": 0, "excluded_lines": 0, "percent_statements_covered": 100.0, "percent_statements_covered_display": "100"}, "missing_lines": [], "excluded_lines": [], "start_line": 1308}, "TransformationChain.join": {"executed_lines": [], "summary": {"covered_lines": 0, "num_statements": 2, "percent_covered": 0.0, "percent_covered_display": "0", "missing_lines": 2, "excluded_lines": 0, "percent_statements_covered": 0.0, "percent_statements_covered_display": "0"}, "missing_lines": [1327, 1336], "excluded_lines": [], "start_line": 1317}, "TransformationChain.union": {"executed_lines": [], "summary": {"covered_lines": 0, "num_statements": 2, "percent_covered": 0.0, "percent_covered_display": "0", "missing_lines": 2, "excluded_lines": 0, "percent_statements_covered": 0.0, "percent_statements_covered_display": "0"}, "missing_lines": [1340, 1341], "excluded_lines": [], "start_line": 1338}, "TransformationChain.deduplicate": {"executed_lines": [1349, 1350], "summary": {"covered_lines": 2, "num_statements": 2, "percent_covered": 100.0, "percent_covered_display": "100", "missing_lines": 0, "excluded_lines": 0, "percent_statements_covered": 100.0, "percent_statements_covered_display": "100"}, "missing_lines": [], "excluded_lines": [], "start_line": 1343}, "TransformationChain.with_column": {"executed_lines": [1358, 1359], "summary": {"covered_lines": 2, "num_statements": 2, "percent_covered": 100.0, "percent_covered_display": "100", "missing_lines": 0, "excluded_lines": 0, "percent_statements_covered": 100.0, "percent_statements_covered_display": "100"}, "missing_lines": [], "excluded_lines": [], "start_line": 1352}, "TransformationChain.rename_columns": {"executed_lines": [1363, 1364], "summary": {"covered_lines": 2, "num_statements": 2, "percent_covered": 100.0, "percent_covered_display": "100", "missing_lines": 0, "excluded_lines": 0, "percent_statements_covered": 100.0, "percent_statements_covered_display": "100"}, "missing_lines": [], "excluded_lines": [], "start_line": 1361}, "TransformationChain.select_columns": {"executed_lines": [1368, 1369], "summary": {"covered_lines": 2, "num_statements": 2, "percent_covered": 100.0, "percent_covered_display": "100", "missing_lines": 0, "excluded_lines": 0, "percent_statements_covered": 100.0, "percent_statements_covered_display": "100"}, "missing_lines": [], "excluded_lines": [], "start_line": 1366}, "TransformationChain.drop_columns": {"executed_lines": [1373, 1374], "summary": {"covered_lines": 2, "num_statements": 2, "percent_covered": 100.0, "percent_covered_display": "100", "missing_lines": 0, "excluded_lines": 0, "percent_statements_covered": 100.0, "percent_statements_covered_display": "100"}, "missing_lines": [], "excluded_lines": [], "start_line": 1371}, "TransformationChain.fill_na": {"executed_lines": [1382, 1383], "summary": {"covered_lines": 2, "num_statements": 2, "percent_covered": 100.0, "percent_covered_display": "100", "missing_lines": 0, "excluded_lines": 0, "percent_statements_covered": 100.0, "percent_statements_covered_display": "100"}, "missing_lines": [], "excluded_lines": [], "start_line": 1376}, "TransformationChain.drop_na": {"executed_lines": [1391, 1392], "summary": {"covered_lines": 2, "num_statements": 2, "percent_covered": 100.0, "percent_covered_display": "100", "missing_lines": 0, "excluded_lines": 0, "percent_statements_covered": 100.0, "percent_statements_covered_display": "100"}, "missing_lines": [], "excluded_lines": [], "start_line": 1385}, "TransformationChain.sort": {"executed_lines": [1400, 1401], "summary": {"covered_lines": 2, "num_statements": 2, "percent_covered": 100.0, "percent_covered_display": "100", "missing_lines": 0, "excluded_lines": 0, "percent_statements_covered": 100.0, "percent_statements_covered_display": "100"}, "missing_lines": [], "excluded_lines": [], "start_line": 1394}, "TransformationChain.limit": {"executed_lines": [1405, 1406], "summary": {"covered_lines": 2, "num_statements": 2, "percent_covered": 100.0, "percent_covered_display": "100", "missing_lines": 0, "excluded_lines": 0, "percent_statements_covered": 100.0, "percent_statements_covered_display": "100"}, "missing_lines": [], "excluded_lines": [], "start_line": 1403}, "TransformationChain.sample": {"executed_lines": [1415, 1416], "summary": {"covered_lines": 2, "num_statements": 2, "percent_covered": 100.0, "percent_covered_display": "100", "missing_lines": 0, "excluded_lines": 0, "percent_statements_covered": 100.0, "percent_statements_covered_display": "100"}, "missing_lines": [], "excluded_lines": [], "start_line": 1408}, "TransformationChain.distinct": {"executed_lines": [1420, 1421], "summary": {"covered_lines": 2, "num_statements": 2, "percent_covered": 100.0, "percent_covered_display": "100", "missing_lines": 0, "excluded_lines": 0, "percent_statements_covered": 100.0, "percent_statements_covered_display": "100"}, "missing_lines": [], "excluded_lines": [], "start_line": 1418}, "TransformationChain.cast": {"executed_lines": [1429, 1430], "summary": {"covered_lines": 2, "num_statements": 2, "percent_covered": 100.0, "percent_covered_display": "100", "missing_lines": 0, "excluded_lines": 0, "percent_statements_covered": 100.0, "percent_statements_covered_display": "100"}, "missing_lines": [], "excluded_lines": [], "start_line": 1423}, "TransformationChain.when": {"executed_lines": [1439, 1445], "summary": {"covered_lines": 2, "num_statements": 2, "percent_covered": 100.0, "percent_covered_display": "100", "missing_lines": 0, "excluded_lines": 0, "percent_statements_covered": 100.0, "percent_statements_covered_display": "100"}, "missing_lines": [], "excluded_lines": [], "start_line": 1432}, "TransformationChain.compute": {"executed_lines": [1449, 1450], "summary": {"covered_lines": 2, "num_statements": 2, "percent_covered": 100.0, "percent_covered_display": "100", "missing_lines": 0, "excluded_lines": 0, "percent_statements_covered": 100.0, "percent_statements_covered_display": "100"}, "missing_lines": [], "excluded_lines": [], "start_line": 1447}, "TransformationChain.pivot": {"executed_lines": [], "summary": {"covered_lines": 0, "num_statements": 2, "percent_covered": 0.0, "percent_covered_display": "0", "missing_lines": 2, "excluded_lines": 0, "percent_statements_covered": 0.0, "percent_statements_covered_display": "0"}, "missing_lines": [1460, 1467], "excluded_lines": [], "start_line": 1452}, "TransformationChain.unpivot": {"executed_lines": [], "summary": {"covered_lines": 0, "num_statements": 2, "percent_covered": 0.0, "percent_covered_display": "0", "missing_lines": 2, "excluded_lines": 0, "percent_statements_covered": 0.0, "percent_statements_covered_display": "0"}, "missing_lines": [1477, 1484], "excluded_lines": [], "start_line": 1469}, "TransformationChain.window": {"executed_lines": [1493, 1499], "summary": {"covered_lines": 2, "num_statements": 2, "percent_covered": 100.0, "percent_covered_display": "100", "missing_lines": 0, "excluded_lines": 0, "percent_statements_covered": 100.0, "percent_statements_covered_display": "100"}, "missing_lines": [], "excluded_lines": [], "start_line": 1486}, "TransformationChain.str_op": {"executed_lines": [1508, 1509], "summary": {"covered_lines": 2, "num_statements": 2, "percent_covered": 100.0, "percent_covered_display": "100", "missing_lines": 0, "excluded_lines": 0, "percent_statements_covered": 100.0, "percent_statements_covered_display": "100"}, "missing_lines": [], "excluded_lines": [], "start_line": 1501}, "TransformationChain.date_op": {"executed_lines": [1518, 1519], "summary": {"covered_lines": 2, "num_statements": 2, "percent_covered": 100.0, "percent_covered_display": "100", "missing_lines": 0, "excluded_lines": 0, "percent_statements_covered": 100.0, "percent_statements_covered_display": "100"}, "missing_lines": [], "excluded_lines": [], "start_line": 1511}, "TransformationChain.result": {"executed_lines": [1528], "summary": {"covered_lines": 1, "num_statements": 1, "percent_covered": 100.0, "percent_covered_display": "100", "missing_lines": 0, "excluded_lines": 0, "percent_statements_covered": 100.0, "percent_statements_covered_display": "100"}, "missing_lines": [], "excluded_lines": [], "start_line": 1521}, "chain": {"executed_lines": [1546], "summary": {"covered_lines": 1, "num_statements": 1, "percent_covered": 100.0, "percent_covered_display": "100", "missing_lines": 0, "excluded_lines": 0, "percent_statements_covered": 100.0, "percent_statements_covered_display": "100"}, "missing_lines": [], "excluded_lines": [], "start_line": 1531}, "": {"executed_lines": [9, 10, 13, 51, 82, 135, 202, 233, 264, 302, 326, 349, 374, 414, 446, 474, 493, 522, 550, 592, 635, 665, 717, 771, 816, 856, 975, 1092, 1258, 1279, 1282, 1299, 1308, 1317, 1338, 1343, 1352, 1361, 1366, 1371, 1376, 1385, 1394, 1403, 1408, 1418, 1423, 1432, 1447, 1452, 1469, 1486, 1501, 1511, 1521, 1531], "summary": {"covered_lines": 56, "num_statements": 56, "percent_covered": 100.0, "percent_covered_display": "100", "missing_lines": 0, "excluded_lines": 0, "percent_statements_covered": 100.0, "percent_statements_covered_display": "100"}, "missing_lines": [], "excluded_lines": [], "start_line": 1}}, "classes": {"TransformationChain": {"executed_lines": [1280, 1290, 1297, 1314, 1315, 1349, 1350, 1358, 1359, 1363, 1364, 1368, 1369, 1373, 1374, 1382, 1383, 1391, 1392, 1400, 1401, 1405, 1406, 1415, 1416, 1420, 1421, 1429, 1430, 1439, 1445, 1449, 1450, 1493, 1499, 1508, 1509, 1518, 1519, 1528], "summary": {"covered_lines": 40, "num_statements": 50, "percent_covered": 80.0, "percent_covered_display": "80", "missing_lines": 10, "excluded_lines": 0, "percent_statements_covered": 80.0, "percent_statements_covered_display": "80"}, "missing_lines": [1305, 1306, 1327, 1336, 1340, 1341, 1460, 1467, 1477, 1484], "excluded_lines": [], "start_line": 1258}, "": {"executed_lines": [9, 10, 13, 33, 34, 35, 37, 38, 39, 40, 41, 42, 43, 45, 46, 48, 51, 68, 69, 71, 72, 73, 74, 75, 77, 79, 82, 101, 102, 104, 106, 107, 108, 111, 112, 113, 116, 119, 121, 122, 123, 125, 126, 127, 130, 132, 135, 202, 233, 256, 257, 258, 261, 264, 286, 287, 288, 289, 290, 298, 299, 302, 320, 321, 323, 326, 343, 344, 345, 346, 349, 366, 367, 368, 369, 371, 374, 396, 398, 403, 404, 405, 407, 411, 414, 435, 438, 439, 440, 443, 446, 466, 467, 468, 471, 474, 488, 490, 493, 514, 516, 519, 522, 542, 547, 550, 573, 576, 577, 580, 581, 582, 587, 589, 592, 619, 620, 624, 625, 630, 632, 635, 657, 658, 659, 662, 665, 717, 771, 816, 856, 896, 902, 903, 905, 906, 907, 908, 909, 910, 913, 914, 915, 916, 919, 920, 924, 927, 930, 932, 933, 935, 936, 939, 940, 943, 944, 945, 946, 949, 950, 951, 952, 955, 956, 957, 958, 961, 962, 963, 965, 966, 967, 970, 972, 975, 1016, 1022, 1023, 1024, 1025, 1029, 1030, 1031, 1033, 1034, 1035, 1036, 1037, 1038, 1039, 1040, 1041, 1042, 1043, 1044, 1045, 1046, 1047, 1048, 1049, 1050, 1051, 1052, 1053, 1054, 1056, 1057, 1058, 1059, 1060, 1061, 1062, 1063, 1064, 1065, 1066, 1067, 1068, 1069, 1070, 1071, 1072, 1073, 1074, 1075, 1076, 1077, 1078, 1079, 1080, 1081, 1082, 1083, 1084, 1085, 1086, 1087, 1089, 1092, 1135, 1140, 1150, 1155, 1168, 1169, 1170, 1171, 1175, 1177, 1178, 1180, 1182, 1183, 1184, 1185, 1186, 1187, 1190, 1191, 1197, 1198, 1199, 1200, 1201, 1202, 1205, 1207, 1208, 1209, 1210, 1211, 1213, 1214, 1215, 1216, 1217, 1218, 1219, 1221, 1222, 1223, 1224, 1225, 1227, 1236, 1237, 1238, 1239, 1240, 1241, 1242, 1243, 1244, 1247, 1249, 1250, 1252, 1253, 1255, 1258, 1279, 1282, 1299, 1308, 1317, 1338, 1343, 1352, 1361, 1366, 1371, 1376, 1385, 1394, 1403, 1408, 1418, 1423, 1432, 1447, 1452, 1469, 1486, 1501, 1511, 1521, 1531, 1546], "summary": {"covered_lines": 329, "num_statements": 445, "percent_covered": 73.93258426966293, "percent_covered_display": "74", "missing_lines": 116, "excluded_lines": 0, "percent_statements_covered": 73.93258426966293, "percent_statements_covered_display": "74"}, "missing_lines": [129, 163, 164, 165, 167, 168, 171, 172, 173, 174, 175, 176, 177, 179, 180, 181, 182, 183, 184, 185, 186, 187, 189, 190, 191, 193, 194, 196, 197, 199, 230, 259, 291, 292, 296, 322, 370, 399, 400, 401, 402, 406, 409, 436, 441, 469, 489, 515, 517, 543, 544, 545, 574, 578, 583, 626, 660, 661, 691, 693, 694, 695, 697, 698, 699, 701, 704, 705, 706, 707, 708, 709, 711, 712, 714, 742, 743, 745, 746, 747, 748, 750, 758, 759, 760, 761, 762, 763, 765, 766, 768, 795, 796, 797, 798, 800, 801, 802, 803, 804, 806, 808, 846, 847, 848, 849, 850, 853, 1195, 1212, 1228, 1229, 1230, 1231, 1232, 1234], "excluded_lines": [], "start_line": 1}}}}, "totals": {"covered_lines": 3365, "num_statements": 4172, "percent_covered": 80.65675934803451, "percent_covered_display": "81", "missing_lines": 807, "excluded_lines": 24, "percent_statements_covered": 80.65675934803451, "percent_statements_covered_display": "81"}}